
(:DAEMONIZATION :TRACE                  :RESULT 0 :CALLED-FORM (SETRESUID 1000 1000 1000) :PID 25919 :LAYER :DAEMON-UNIX-API-PORT :TRACE-FN DAEMON-UNIX-API-PORT:SETRESUID :TYPE-PROC :PARENT)
(:DAEMONIZATION :TRACE                :RESULT 0 :CALLED-FORM (LINUX-CHANGE-USER :NAME "lispuser" :GROUP NIL) :PID 25919 :LAYER :DAEMON-UTILS-LINUX-PORT :TRACE-FN DAEMON-UTILS-LINUX-PORT:LINUX-CHANGE-USER :TYPE-PROC :PARENT)
(:DAEMONIZATION :TRACE              :RESULT 0 :CALLED-FORM (CHANGE-USER :USER "lispuser" :GROUP NIL) :PID 25919 :LAYER :DAEMON-UTILS-PORT :TRACE-FN DAEMON-UTILS-PORT::CHANGE-USER :TYPE-PROC :PARENT)
(:DAEMONIZATION :TRACE              :CALL (SET-GRANT) :PID 25919 :LAYER :DAEMON-UTILS-PORT :TRACE-FN DAEMON-UTILS-PORT::SET-GRANT :TYPE-PROC :PARENT)
(:DAEMONIZATION :TRACE                :CALL (SET-GRANT-LISTEN-PRIVILEGED-PORTS) :PID 25919 :LAYER :DAEMON-UTILS-LINUX-PORT :TRACE-FN DAEMON-UTILS-LINUX-PORT:SET-GRANT-LISTEN-PRIVILEGED-PORTS :TYPE-PROC :PARENT)
(:DAEMONIZATION :TRACE                  :CALL (CAP-FROM-TEXT "CAP_NET_BIND_SERVICE=ep") :PID 25919 :LAYER :DAEMON-UNIX-API-PORT :TRACE-FN DAEMON-UNIX-API-PORT:CAP-FROM-TEXT :TYPE-PROC :PARENT)
(:DAEMONIZATION :TRACE                  :RESULT |#<SB-ALIEN-INTERNALS:ALIEN-VALUE :SAP #X0808EE7C :TYPE (* (SIGNED 8))>| :CALLED-FORM (CAP-FROM-TEXT "CAP_NET_BIND_SERVICE=ep") :PID 25919 :LAYER :DAEMON-UNIX-API-PORT :TRACE-FN DAEMON-UNIX-API-PORT:CAP-FROM-TEXT :TYPE-PROC :PARENT)
(:DAEMONIZATION :TRACE                  :CALL (CAP-SET-PROC |#<SB-ALIEN-INTERNALS:ALIEN-VALUE :SAP #X0808EE7C :TYPE (* (SIGNED 8))>|) :PID 25919 :LAYER :DAEMON-UNIX-API-PORT :TRACE-FN DAEMON-UNIX-API-PORT:CAP-SET-PROC :TYPE-PROC :PARENT)
(:DAEMONIZATION :TRACE                  :RESULT 0 :CALLED-FORM (CAP-SET-PROC |#<SB-ALIEN-INTERNALS:ALIEN-VALUE :SAP #X0808EE7C :TYPE (* (SIGNED 8))>|) :PID 25919 :LAYER :DAEMON-UNIX-API-PORT :TRACE-FN DAEMON-UNIX-API-PORT:CAP-SET-PROC :TYPE-PROC :PARENT)
(:DAEMONIZATION :TRACE                  :CALL (CAP-FREE |#<SB-ALIEN-INTERNALS:ALIEN-VALUE :SAP #X0808EE7C :TYPE (* (SIGNED 8))>|) :PID 25919 :LAYER :DAEMON-UNIX-API-PORT :TRACE-FN DAEMON-UNIX-API-PORT:CAP-FREE :TYPE-PROC :PARENT)
(:DAEMONIZATION :TRACE                  :RESULT 0 :CALLED-FORM (CAP-FREE |#<SB-ALIEN-INTERNALS:ALIEN-VALUE :SAP #X0808EE7C :TYPE (* (SIGNED 8))>|) :PID 25919 :LAYER :DAEMON-UNIX-API-PORT :TRACE-FN DAEMON-UNIX-API-PORT:CAP-FREE :TYPE-PROC :PARENT)
(:DAEMONIZATION :TRACE                :RESULT 0 :CALLED-FORM (SET-GRANT-LISTEN-PRIVILEGED-PORTS) :PID 25919 :LAYER :DAEMON-UTILS-LINUX-PORT :TRACE-FN DAEMON-UTILS-LINUX-PORT:SET-GRANT-LISTEN-PRIVILEGED-PORTS :TYPE-PROC :PARENT)
(:DAEMONIZATION :TRACE              :RESULT 0 :CALLED-FORM (SET-GRANT) :PID 25919 :LAYER :DAEMON-UTILS-PORT :TRACE-FN DAEMON-UTILS-PORT::SET-GRANT :TYPE-PROC :PARENT)
(:DAEMONIZATION :TRACE            :RESULT 0 :CALLED-FORM (RESTRICT-RIGHTS :NEW-USER "lispuser" :NEW-GROUP NIL) :PID 25919 :LAYER :DAEMON-UTILS-PORT :TRACE-FN DAEMON-UTILS-PORT:RESTRICT-RIGHTS :TYPE-PROC :PARENT)
(:DAEMONIZATION :TRACE          :RESULT 0 :CALLED-FORM (WHEN PARENT-FORM-BEFORE-FORK (FUNCALL PARENT-FORM-BEFORE-FORK)) :PID 25919 :LAYER :DAEMON-UTILS-LINUX-PORT :TRACE-FN DAEMON-UTILS-LINUX-PORT:FORK-THIS-PROCESS :TYPE-PROC :PARENT)
(:DAEMONIZATION :TRACE          :CALL (FORK-AND-PARENT-EXIT-ON-CHILD-SIGNAL NIL |#<CLOSURE (LAMBDA
               (&OPTIONAL (DAEMON-CORE-LINUX-PORT::STATUS DAEMON-SHARE:+EX-OK+)
                DAEMON-SHARE:EXTRA-STATUS)) {B24D5D5}>|) :PID 25919 :LAYER :DAEMON-UTILS-LINUX-PORT :TRACE-FN DAEMON-UTILS-LINUX-PORT:FORK-THIS-PROCESS :TYPE-PROC :PARENT)
(:DAEMONIZATION :TRACE            :CALL (FORK-AND-PARENT-EXIT-ON-CHILD-SIGNAL NIL |#<CLOSURE (LAMBDA
               (&OPTIONAL (DAEMON-CORE-LINUX-PORT::STATUS DAEMON-SHARE:+EX-OK+)
                DAEMON-SHARE:EXTRA-STATUS)) {B24D5D5}>|) :PID 25919 :LAYER :DAEMON-UTILS-LINUX-PORT :TRACE-FN DAEMON-UTILS-LINUX-PORT:FORK-AND-PARENT-EXIT-ON-CHILD-SIGNAL :TYPE-PROC :PARENT)
(:DAEMONIZATION :TRACE              :CALL (CLEAR-STATUS-AND-EXIT-CODE) :PID 25919 :LAYER :DAEMON-UTILS-LINUX-PORT :TRACE-FN DAEMON-UTILS-LINUX-PORT::CLEAR-STATUS-AND-EXIT-CODE :TYPE-PROC :PARENT)
(:DAEMONIZATION :TRACE              :RESULT NIL :CALLED-FORM (CLEAR-STATUS-AND-EXIT-CODE) :PID 25919 :LAYER :DAEMON-UTILS-LINUX-PORT :TRACE-FN DAEMON-UTILS-LINUX-PORT::CLEAR-STATUS-AND-EXIT-CODE :TYPE-PROC :PARENT)
(:DAEMONIZATION :TRACE              :CALL (FORK) :PID 25919 :LAYER :DAEMON-UNIX-API-PORT :TRACE-FN DAEMON-UNIX-API-PORT:FORK :TYPE-PROC :PARENT)
(:DAEMONIZATION :TRACE              :RESULT 25922 :CALLED-FORM (FORK) :PID 25919 :LAYER :DAEMON-UNIX-API-PORT :TRACE-FN DAEMON-UNIX-API-PORT:FORK :TYPE-PROC :PARENT)
(:DAEMONIZATION :TRACE              :CALL (GET-STATUS) :PID 25919 :LAYER :DAEMON-UTILS-LINUX-PORT :TRACE-FN DAEMON-UTILS-LINUX-PORT::GET-STATUS :TYPE-PROC :PARENT)
(:DAEMONIZATION :TRACE              :RESULT NIL :CALLED-FORM (GET-STATUS) :PID 25919 :LAYER :DAEMON-UTILS-LINUX-PORT :TRACE-FN DAEMON-UTILS-LINUX-PORT::GET-STATUS :TYPE-PROC :PARENT)
(:DAEMONIZATION :TRACE              :RESULT 0 :CALLED-FORM (FORK) :PID 25922 :LAYER :DAEMON-UNIX-API-PORT :TRACE-FN DAEMON-UNIX-API-PORT:FORK :TYPE-PROC :CHILD)
(:DAEMONIZATION :TRACE            :RESULT :CHILD :CALLED-FORM (FORK-AND-PARENT-EXIT-ON-CHILD-SIGNAL NIL |#<CLOSURE (LAMBDA
               (&OPTIONAL (DAEMON-CORE-LINUX-PORT::STATUS DAEMON-SHARE:+EX-OK+)
                DAEMON-SHARE:EXTRA-STATUS)) {B24D5D5}>|) :PID 25922 :LAYER :DAEMON-UTILS-LINUX-PORT :TRACE-FN DAEMON-UTILS-LINUX-PORT:FORK-AND-PARENT-EXIT-ON-CHILD-SIGNAL :TYPE-PROC :CHILD)
(:DAEMONIZATION :TRACE          :RESULT :CHILD :CALLED-FORM (FORK-AND-PARENT-EXIT-ON-CHILD-SIGNAL NIL |#<CLOSURE (LAMBDA
               (&OPTIONAL (DAEMON-CORE-LINUX-PORT::STATUS DAEMON-SHARE:+EX-OK+)
                DAEMON-SHARE:EXTRA-STATUS)) {B24D5D5}>|) :PID 25922 :LAYER :DAEMON-UTILS-LINUX-PORT :TRACE-FN DAEMON-UTILS-LINUX-PORT:FORK-THIS-PROCESS :TYPE-PROC :CHILD)
(:DAEMONIZATION :TRACE          :CALL (WHEN CHILD-FORM-AFTER-FORK (FUNCALL CHILD-FORM-AFTER-FORK)) :PID 25922 :LAYER :DAEMON-UTILS-LINUX-PORT :TRACE-FN DAEMON-UTILS-LINUX-PORT:FORK-THIS-PROCESS :TYPE-PROC :CHILD)
(:DAEMONIZATION :TRACE            :CALL (SET-GLOBAL-ERROR-HANDLER) :PID 25922 :LAYER :DAEMON-CORE-LINUX-PORT :TRACE-FN DAEMON-CORE-LINUX-PORT::SET-GLOBAL-ERROR-HANDLER :TYPE-PROC :CHILD)
(:DAEMONIZATION :TRACE            :RESULT |#<FUNCTION (LAMBDA (CONDITION DAEMON-CORE-LINUX-PORT::X)) {AAC4075}>| :CALLED-FORM (SET-GLOBAL-ERROR-HANDLER) :PID 25922 :LAYER :DAEMON-CORE-LINUX-PORT :TRACE-FN DAEMON-CORE-LINUX-PORT::SET-GLOBAL-ERROR-HANDLER :TYPE-PROC :CHILD)
(:DAEMONIZATION :TRACE          :RESULT |#<FUNCTION (LAMBDA (CONDITION DAEMON-CORE-LINUX-PORT::X)) {AAC4075}>| :CALLED-FORM (WHEN CHILD-FORM-AFTER-FORK (FUNCALL CHILD-FORM-AFTER-FORK)) :PID 25922 :LAYER :DAEMON-UTILS-LINUX-PORT :TRACE-FN DAEMON-UTILS-LINUX-PORT:FORK-THIS-PROCESS :TYPE-PROC :CHILD)
(:DAEMONIZATION :TRACE          :CALL (SB-SYS:ENABLE-INTERRUPT 10 :DEFAULT) :PID 25922 :LAYER :DAEMON-UTILS-LINUX-PORT :TRACE-FN DAEMON-UTILS-LINUX-PORT:FORK-THIS-PROCESS :TYPE-PROC :CHILD)
(:DAEMONIZATION :TRACE          :RESULT (:VALUES |#<CLOSURE (FLET SB-UNIX::RUN-HANDLER) {B27DE3D}>| T) :CALLED-FORM (SB-SYS:ENABLE-INTERRUPT 10 :DEFAULT) :PID 25922 :LAYER :DAEMON-UTILS-LINUX-PORT :TRACE-FN DAEMON-UTILS-LINUX-PORT:FORK-THIS-PROCESS :TYPE-PROC :CHILD)
(:DAEMONIZATION :TRACE          :CALL (SB-SYS:ENABLE-INTERRUPT 17 :DEFAULT) :PID 25922 :LAYER :DAEMON-UTILS-LINUX-PORT :TRACE-FN DAEMON-UTILS-LINUX-PORT:FORK-THIS-PROCESS :TYPE-PROC :CHILD)
(:DAEMONIZATION :TRACE          :RESULT (:VALUES |#<CLOSURE (FLET SB-UNIX::RUN-HANDLER) {B29745D}>| T) :CALLED-FORM (SB-SYS:ENABLE-INTERRUPT 17 :DEFAULT) :PID 25922 :LAYER :DAEMON-UTILS-LINUX-PORT :TRACE-FN DAEMON-UTILS-LINUX-PORT:FORK-THIS-PROCESS :TYPE-PROC :CHILD)
(:DAEMONIZATION :TRACE          :CALL (WHEN CHILD-FORM-BEFORE-SEND-SUCCESS (FUNCALL CHILD-FORM-BEFORE-SEND-SUCCESS)) :PID 25922 :LAYER :DAEMON-UTILS-LINUX-PORT :TRACE-FN DAEMON-UTILS-LINUX-PORT:FORK-THIS-PROCESS :TYPE-PROC :CHILD)
(:DAEMONIZATION :TRACE            :CALL (SET-CURRENT-DIR #P"/") :PID 25922 :LAYER :DAEMON-UTILS-LINUX-PORT :TRACE-FN DAEMON-UTILS-LINUX-PORT:SET-CURRENT-DIR :TYPE-PROC :CHILD)
(:DAEMONIZATION :TRACE              :CALL (GETCWD) :PID 25922 :LAYER :DAEMON-UNIX-API-PORT :TRACE-FN DAEMON-UNIX-API-PORT:GETCWD :TYPE-PROC :CHILD)
(:DAEMONIZATION :TRACE              :RESULT "/media/WORK_PARTITION/work_dir/web-projects/dynserv/asdf-systems/daemonization/scripts" :CALLED-FORM (GETCWD) :PID 25922 :LAYER :DAEMON-UNIX-API-PORT :TRACE-FN DAEMON-UNIX-API-PORT:GETCWD :TYPE-PROC :CHILD)
(:DAEMONIZATION :TRACE              :CALL (CHDIR #P"/") :PID 25922 :LAYER :DAEMON-UNIX-API-PORT :TRACE-FN DAEMON-UNIX-API-PORT:CHDIR :TYPE-PROC :CHILD)
(:DAEMONIZATION :TRACE              :RESULT 0 :CALLED-FORM (CHDIR #P"/") :PID 25922 :LAYER :DAEMON-UNIX-API-PORT :TRACE-FN DAEMON-UNIX-API-PORT:CHDIR :TYPE-PROC :CHILD)
(:DAEMONIZATION :TRACE              :CALL (GETCWD) :PID 25922 :LAYER :DAEMON-UNIX-API-PORT :TRACE-FN DAEMON-UNIX-API-PORT:GETCWD :TYPE-PROC :CHILD)
(:DAEMONIZATION :TRACE              :RESULT "/" :CALLED-FORM (GETCWD) :PID 25922 :LAYER :DAEMON-UNIX-API-PORT :TRACE-FN DAEMON-UNIX-API-PORT:GETCWD :TYPE-PROC :CHILD)
(:DAEMONIZATION :TRACE            :RESULT NIL :CALLED-FORM (SET-CURRENT-DIR #P"/") :PID 25922 :LAYER :DAEMON-UTILS-LINUX-PORT :TRACE-FN DAEMON-UTILS-LINUX-PORT:SET-CURRENT-DIR :TYPE-PROC :CHILD)
(:DAEMONIZATION :TRACE            :CALL (SET-UMASK 0) :PID 25922 :LAYER :DAEMON-UTILS-LINUX-PORT :TRACE-FN DAEMON-UTILS-LINUX-PORT:SET-UMASK :TYPE-PROC :CHILD)
(:DAEMONIZATION :TRACE              :CALL (UMASK 0) :PID 25922 :LAYER :DAEMON-UNIX-API-PORT :TRACE-FN DAEMON-UNIX-API-PORT:UMASK :TYPE-PROC :CHILD)
(:DAEMONIZATION :TRACE              :RESULT 18 :CALLED-FORM (UMASK 0) :PID 25922 :LAYER :DAEMON-UNIX-API-PORT :TRACE-FN DAEMON-UNIX-API-PORT:UMASK :TYPE-PROC :CHILD)
(:DAEMONIZATION :TRACE            :RESULT 18 :CALLED-FORM (SET-UMASK 0) :PID 25922 :LAYER :DAEMON-UTILS-LINUX-PORT :TRACE-FN DAEMON-UTILS-LINUX-PORT:SET-UMASK :TYPE-PROC :CHILD)
(:DAEMONIZATION :TRACE            :CALL (ISOLATE-PROCESS) :PID 25922 :LAYER :DAEMON-UTILS-PORT :TRACE-FN DAEMON-UTILS-PORT:ISOLATE-PROCESS :TYPE-PROC :CHILD)
(:DAEMONIZATION :TRACE              :CALL (DETACH-FROM-TTY) :PID 25922 :LAYER :DAEMON-UTILS-LINUX-PORT :TRACE-FN DAEMON-UTILS-LINUX-PORT:DETACH-FROM-TTY :TYPE-PROC :CHILD)
(:DAEMONIZATION :TRACE                :CALL (OPEN #P"/dev/tty" 2 NIL) :PID 25922 :LAYER :DAEMON-UNIX-API-PORT :TRACE-FN DAEMON-UNIX-API-PORT:OPEN :TYPE-PROC :CHILD)
(:DAEMONIZATION :TRACE                :RESULT 6 :CALLED-FORM (OPEN #P"/dev/tty" 2 NIL) :PID 25922 :LAYER :DAEMON-UNIX-API-PORT :TRACE-FN DAEMON-UNIX-API-PORT:OPEN :TYPE-PROC :CHILD)
(:DAEMONIZATION :TRACE                :CALL (IOCTL 6 21538 NIL) :PID 25922 :LAYER :DAEMON-UNIX-API-PORT :TRACE-FN DAEMON-UNIX-API-PORT:IOCTL :TYPE-PROC :CHILD)
(:DAEMONIZATION :TRACE                :RESULT 0 :CALLED-FORM (IOCTL 6 21538 NIL) :PID 25922 :LAYER :DAEMON-UNIX-API-PORT :TRACE-FN DAEMON-UNIX-API-PORT:IOCTL :TYPE-PROC :CHILD)
(:DAEMONIZATION :TRACE                :CALL (CLOSE 6) :PID 25922 :LAYER :DAEMON-UNIX-API-PORT :TRACE-FN DAEMON-UNIX-API-PORT:CLOSE :TYPE-PROC :CHILD)
(:DAEMONIZATION :TRACE                :RESULT 0 :CALLED-FORM (CLOSE 6) :PID 25922 :LAYER :DAEMON-UNIX-API-PORT :TRACE-FN DAEMON-UNIX-API-PORT:CLOSE :TYPE-PROC :CHILD)
(:DAEMONIZATION :TRACE              :RESULT 0 :CALLED-FORM (DETACH-FROM-TTY) :PID 25922 :LAYER :DAEMON-UTILS-LINUX-PORT :TRACE-FN DAEMON-UTILS-LINUX-PORT:DETACH-FROM-TTY :TYPE-PROC :CHILD)
(:DAEMONIZATION :TRACE              :CALL (SWITCH-TO-SLAVE-PSEUDO-TERMINAL #P"/dev/null" #P"/dev/null") :PID 25922 :LAYER :DAEMON-UTILS-LINUX-PORT :TRACE-FN DAEMON-UTILS-LINUX-PORT:SWITCH-TO-SLAVE-PSEUDO-TERMINAL :TYPE-PROC :CHILD)
(:DAEMONIZATION :TRACE                :CALL (OPEN #P"/dev/ptmx" 2 NIL) :PID 25922 :LAYER :DAEMON-UNIX-API-PORT :TRACE-FN DAEMON-UNIX-API-PORT:OPEN :TYPE-PROC :CHILD)
(:DAEMONIZATION :TRACE                :RESULT 6 :CALLED-FORM (OPEN #P"/dev/ptmx" 2 NIL) :PID 25922 :LAYER :DAEMON-UNIX-API-PORT :TRACE-FN DAEMON-UNIX-API-PORT:OPEN :TYPE-PROC :CHILD)
(:DAEMONIZATION :TRACE                :CALL (GRANTPT 6) :PID 25922 :LAYER :DAEMON-UNIX-API-PORT :TRACE-FN DAEMON-UNIX-API-PORT:GRANTPT :TYPE-PROC :CHILD)
(:DAEMONIZATION :TRACE                :RESULT 0 :CALLED-FORM (GRANTPT 6) :PID 25922 :LAYER :DAEMON-UNIX-API-PORT :TRACE-FN DAEMON-UNIX-API-PORT:GRANTPT :TYPE-PROC :CHILD)
(:DAEMONIZATION :TRACE                :CALL (UNLOCKPT 6) :PID 25922 :LAYER :DAEMON-UNIX-API-PORT :TRACE-FN DAEMON-UNIX-API-PORT:UNLOCKPT :TYPE-PROC :CHILD)
(:DAEMONIZATION :TRACE                :RESULT 0 :CALLED-FORM (UNLOCKPT 6) :PID 25922 :LAYER :DAEMON-UNIX-API-PORT :TRACE-FN DAEMON-UNIX-API-PORT:UNLOCKPT :TYPE-PROC :CHILD)
(:DAEMONIZATION :TRACE                :CALL (PTSNAME 6) :PID 25922 :LAYER :DAEMON-UNIX-API-PORT :TRACE-FN DAEMON-UNIX-API-PORT:PTSNAME :TYPE-PROC :CHILD)
(:DAEMONIZATION :TRACE                :RESULT "/dev/pts/9" :CALLED-FORM (PTSNAME 6) :PID 25922 :LAYER :DAEMON-UNIX-API-PORT :TRACE-FN DAEMON-UNIX-API-PORT:PTSNAME :TYPE-PROC :CHILD)
(:DAEMONIZATION :TRACE                :CALL (OPEN "/dev/pts/9" 0 NIL) :PID 25922 :LAYER :DAEMON-UNIX-API-PORT :TRACE-FN DAEMON-UNIX-API-PORT:OPEN :TYPE-PROC :CHILD)
(:DAEMONIZATION :TRACE                :RESULT 7 :CALLED-FORM (OPEN "/dev/pts/9" 0 NIL) :PID 25922 :LAYER :DAEMON-UNIX-API-PORT :TRACE-FN DAEMON-UNIX-API-PORT:OPEN :TYPE-PROC :CHILD)
(:DAEMONIZATION :TRACE                :CALL (OPEN #P"/dev/null" 577 388) :PID 25922 :LAYER :DAEMON-UNIX-API-PORT :TRACE-FN DAEMON-UNIX-API-PORT:OPEN :TYPE-PROC :CHILD)
(:DAEMONIZATION :TRACE                :RESULT 8 :CALLED-FORM (OPEN #P"/dev/null" 577 388) :PID 25922 :LAYER :DAEMON-UNIX-API-PORT :TRACE-FN DAEMON-UNIX-API-PORT:OPEN :TYPE-PROC :CHILD)
(:DAEMONIZATION :TRACE                :CALL (DUP 8) :PID 25922 :LAYER :DAEMON-UNIX-API-PORT :TRACE-FN DAEMON-UNIX-API-PORT:DUP :TYPE-PROC :CHILD)
(:DAEMONIZATION :TRACE                :RESULT 9 :CALLED-FORM (DUP 8) :PID 25922 :LAYER :DAEMON-UNIX-API-PORT :TRACE-FN DAEMON-UNIX-API-PORT:DUP :TYPE-PROC :CHILD)
(:DAEMONIZATION :TRACE                :CALL (CLOSE 0) :PID 25922 :LAYER :DAEMON-UNIX-API-PORT :TRACE-FN DAEMON-UNIX-API-PORT:CLOSE :TYPE-PROC :CHILD)
(:DAEMONIZATION :TRACE                :RESULT 0 :CALLED-FORM (CLOSE 0) :PID 25922 :LAYER :DAEMON-UNIX-API-PORT :TRACE-FN DAEMON-UNIX-API-PORT:CLOSE :TYPE-PROC :CHILD)
(:DAEMONIZATION :TRACE                :CALL (DUP2 7 0) :PID 25922 :LAYER :DAEMON-UNIX-API-PORT :TRACE-FN DAEMON-UNIX-API-PORT:DUP2 :TYPE-PROC :CHILD)
(:DAEMONIZATION :TRACE                :RESULT 0 :CALLED-FORM (DUP2 7 0) :PID 25922 :LAYER :DAEMON-UNIX-API-PORT :TRACE-FN DAEMON-UNIX-API-PORT:DUP2 :TYPE-PROC :CHILD)
(:DAEMONIZATION :TRACE                :CALL (CLOSE 1) :PID 25922 :LAYER :DAEMON-UNIX-API-PORT :TRACE-FN DAEMON-UNIX-API-PORT:CLOSE :TYPE-PROC :CHILD)
(:DAEMONIZATION :TRACE                :RESULT 0 :CALLED-FORM (CLOSE 1) :PID 25922 :LAYER :DAEMON-UNIX-API-PORT :TRACE-FN DAEMON-UNIX-API-PORT:CLOSE :TYPE-PROC :CHILD)
(:DAEMONIZATION :TRACE                :CALL (DUP2 8 1) :PID 25922 :LAYER :DAEMON-UNIX-API-PORT :TRACE-FN DAEMON-UNIX-API-PORT:DUP2 :TYPE-PROC :CHILD)
(:DAEMONIZATION :TRACE                :RESULT 1 :CALLED-FORM (DUP2 8 1) :PID 25922 :LAYER :DAEMON-UNIX-API-PORT :TRACE-FN DAEMON-UNIX-API-PORT:DUP2 :TYPE-PROC :CHILD)
(:DAEMONIZATION :TRACE                :CALL (CLOSE 2) :PID 25922 :LAYER :DAEMON-UNIX-API-PORT :TRACE-FN DAEMON-UNIX-API-PORT:CLOSE :TYPE-PROC :CHILD)
(:DAEMONIZATION :TRACE                :RESULT 0 :CALLED-FORM (CLOSE 2) :PID 25922 :LAYER :DAEMON-UNIX-API-PORT :TRACE-FN DAEMON-UNIX-API-PORT:CLOSE :TYPE-PROC :CHILD)
(:DAEMONIZATION :TRACE                :CALL (DUP2 9 2) :PID 25922 :LAYER :DAEMON-UNIX-API-PORT :TRACE-FN DAEMON-UNIX-API-PORT:DUP2 :TYPE-PROC :CHILD)
(:DAEMONIZATION :TRACE                :RESULT 2 :CALLED-FORM (DUP2 9 2) :PID 25922 :LAYER :DAEMON-UNIX-API-PORT :TRACE-FN DAEMON-UNIX-API-PORT:DUP2 :TYPE-PROC :CHILD)
(:DAEMONIZATION :TRACE              :RESULT 2 :CALLED-FORM (SWITCH-TO-SLAVE-PSEUDO-TERMINAL #P"/dev/null" #P"/dev/null") :PID 25922 :LAYER :DAEMON-UTILS-LINUX-PORT :TRACE-FN DAEMON-UTILS-LINUX-PORT:SWITCH-TO-SLAVE-PSEUDO-TERMINAL :TYPE-PROC :CHILD)
(:DAEMONIZATION :TRACE              :CALL (START-NEW-SESSION) :PID 25922 :LAYER :DAEMON-UTILS-LINUX-PORT :TRACE-FN DAEMON-UTILS-LINUX-PORT:START-NEW-SESSION :TYPE-PROC :CHILD)
(:DAEMONIZATION :TRACE                :CALL (SETSID) :PID 25922 :LAYER :DAEMON-UNIX-API-PORT :TRACE-FN DAEMON-UNIX-API-PORT:SETSID :TYPE-PROC :CHILD)
(:DAEMONIZATION :TRACE                :RESULT 25922 :CALLED-FORM (SETSID) :PID 25922 :LAYER :DAEMON-UNIX-API-PORT :TRACE-FN DAEMON-UNIX-API-PORT:SETSID :TYPE-PROC :CHILD)
(:DAEMONIZATION :TRACE              :RESULT 25922 :CALLED-FORM (START-NEW-SESSION) :PID 25922 :LAYER :DAEMON-UTILS-LINUX-PORT :TRACE-FN DAEMON-UTILS-LINUX-PORT:START-NEW-SESSION :TYPE-PROC :CHILD)
(:DAEMONIZATION :TRACE            :RESULT NIL :CALLED-FORM (ISOLATE-PROCESS) :PID 25922 :LAYER :DAEMON-UTILS-PORT :TRACE-FN DAEMON-UTILS-PORT:ISOLATE-PROCESS :TYPE-PROC :CHILD)
(:DAEMONIZATION :TRACE            :CALL (ENABLE-HANDLING-STOP-COMMAND NIL) :PID 25922 :LAYER :DAEMON-CORE-LINUX-PORT :TRACE-FN DAEMON-CORE-LINUX-PORT::ENABLE-HANDLING-STOP-COMMAND :TYPE-PROC :CHILD)
(:DAEMONIZATION :TRACE            :RESULT :DEFAULT :CALLED-FORM (ENABLE-HANDLING-STOP-COMMAND NIL) :PID 25922 :LAYER :DAEMON-CORE-LINUX-PORT :TRACE-FN DAEMON-CORE-LINUX-PORT::ENABLE-HANDLING-STOP-COMMAND :TYPE-PROC :CHILD)
(:DAEMONIZATION :TRACE            :CALL (CREATE-PID-FILE #P"/media/WORK_PARTITION/work_dir/web-projects/dynserv/asdf-systems/daemonization/pid-files/default-pid") :PID 25922 :LAYER :DAEMON-UTILS-LINUX-PORT :TRACE-FN DAEMON-UTILS-LINUX-PORT:CREATE-PID-FILE :TYPE-PROC :CHILD)
(:DAEMONIZATION :TRACE              :CALL (GETPID) :PID 25922 :LAYER :DAEMON-UNIX-API-PORT :TRACE-FN DAEMON-UNIX-API-PORT:GETPID :TYPE-PROC :CHILD)
(:DAEMONIZATION :TRACE              :RESULT 25922 :CALLED-FORM (GETPID) :PID 25922 :LAYER :DAEMON-UNIX-API-PORT :TRACE-FN DAEMON-UNIX-API-PORT:GETPID :TYPE-PROC :CHILD)
(:DAEMONIZATION :TRACE            :RESULT 25922 :CALLED-FORM (CREATE-PID-FILE #P"/media/WORK_PARTITION/work_dir/web-projects/dynserv/asdf-systems/daemonization/pid-files/default-pid") :PID 25922 :LAYER :DAEMON-UTILS-LINUX-PORT :TRACE-FN DAEMON-UTILS-LINUX-PORT:CREATE-PID-FILE :TYPE-PROC :CHILD)
(:DAEMONIZATION :TRACE          :RESULT 25922 :CALLED-FORM (WHEN CHILD-FORM-BEFORE-SEND-SUCCESS (FUNCALL CHILD-FORM-BEFORE-SEND-SUCCESS)) :PID 25922 :LAYER :DAEMON-UTILS-LINUX-PORT :TRACE-FN DAEMON-UTILS-LINUX-PORT:FORK-THIS-PROCESS :TYPE-PROC :CHILD)
(:DAEMONIZATION :TRACE          :CALL (GETPPID) :PID 25922 :LAYER :DAEMON-UNIX-API-PORT :TRACE-FN DAEMON-UNIX-API-PORT:GETPPID :TYPE-PROC :CHILD)
(:DAEMONIZATION :TRACE          :RESULT 25919 :CALLED-FORM (GETPPID) :PID 25922 :LAYER :DAEMON-UNIX-API-PORT :TRACE-FN DAEMON-UNIX-API-PORT:GETPPID :TYPE-PROC :CHILD)
(:DAEMONIZATION :TRACE              :CALL (GET-STATUS) :PID 25919 :LAYER :DAEMON-UTILS-LINUX-PORT :TRACE-FN DAEMON-UTILS-LINUX-PORT::GET-STATUS :TYPE-PROC :PARENT)
(:DAEMONIZATION :TRACE              :RESULT NIL :CALLED-FORM (GET-STATUS) :PID 25919 :LAYER :DAEMON-UTILS-LINUX-PORT :TRACE-FN DAEMON-UTILS-LINUX-PORT::GET-STATUS :TYPE-PROC :PARENT)
(:DAEMONIZATION :TRACE          :CALL (KILL 25919 10) :PID 25922 :LAYER :DAEMON-UNIX-API-PORT :TRACE-FN DAEMON-UNIX-API-PORT:KILL :TYPE-PROC :CHILD)
(:DAEMONIZATION :TRACE              :CALL (SIGNAL-HANDLER 10 #.(SB-SYS:INT-SAP #XB798924C) #.(SB-SYS:INT-SAP #XB79892CC)) :PID 25919 :LAYER :DAEMON-UTILS-LINUX-PORT :TRACE-FN DAEMON-UTILS-LINUX-PORT::SIGNAL-HANDLER :TYPE-PROC :PARENT)
(:DAEMONIZATION :TRACE              :RESULT 10 :CALLED-FORM (SIGNAL-HANDLER 10 #.(SB-SYS:INT-SAP #XB798924C) #.(SB-SYS:INT-SAP #XB79892CC)) :PID 25919 :LAYER :DAEMON-UTILS-LINUX-PORT :TRACE-FN DAEMON-UTILS-LINUX-PORT::SIGNAL-HANDLER :TYPE-PROC :PARENT)
(:DAEMONIZATION :TRACE          :RESULT 0 :CALLED-FORM (KILL 25919 10) :PID 25922 :LAYER :DAEMON-UNIX-API-PORT :TRACE-FN DAEMON-UNIX-API-PORT:KILL :TYPE-PROC :CHILD)
(:DAEMONIZATION :TRACE          :CALL (WHEN CHILD-FORM-AFTER-SEND-SUCCESS (FUNCALL CHILD-FORM-AFTER-SEND-SUCCESS)) :PID 25922 :LAYER :DAEMON-UTILS-LINUX-PORT :TRACE-FN DAEMON-UTILS-LINUX-PORT:FORK-THIS-PROCESS :TYPE-PROC :CHILD)
(:DAEMONIZATION :TRACE          :RESULT NIL :CALLED-FORM (WHEN CHILD-FORM-AFTER-SEND-SUCCESS (FUNCALL CHILD-FORM-AFTER-SEND-SUCCESS)) :PID 25922 :LAYER :DAEMON-UTILS-LINUX-PORT :TRACE-FN DAEMON-UTILS-LINUX-PORT:FORK-THIS-PROCESS :TYPE-PROC :CHILD)
(:DAEMONIZATION :TRACE          :CALL (WHEN MAIN-CHILD-FORM (FUNCALL MAIN-CHILD-FORM)) :PID 25922 :LAYER :DAEMON-UTILS-LINUX-PORT :TRACE-FN DAEMON-UTILS-LINUX-PORT:FORK-THIS-PROCESS :TYPE-PROC :CHILD)
(:DAEMONIZATION :TRACE          :RESULT NIL :CALLED-FORM (WHEN MAIN-CHILD-FORM (FUNCALL MAIN-CHILD-FORM)) :PID 25922 :LAYER :DAEMON-UTILS-LINUX-PORT :TRACE-FN DAEMON-UTILS-LINUX-PORT:FORK-THIS-PROCESS :TYPE-PROC :CHILD)
(:DAEMONIZATION :TRACE        :RESULT NIL :CALLED-FORM (FORK-THIS-PROCESS :FN-EXIT |#<CLOSURE (LAMBDA
               (&OPTIONAL (DAEMON-CORE-LINUX-PORT::STATUS DAEMON-SHARE:+EX-OK+)
                DAEMON-SHARE:EXTRA-STATUS)) {B24D5D5}>| :PARENT-FORM-BEFORE-FORK |#<CLOSURE (LAMBDA ()) {B23445D}>| :PARENT-FORM-BEFORE-EXIT NIL :CHILD-FORM-AFTER-FORK |#<CLOSURE (LAMBDA ()) {B24D5E5}>| :CHILD-FORM-BEFORE-SEND-SUCCESS |#<CLOSURE (LAMBDA ()) {B24D5F5}>| :CHILD-FORM-AFTER-SEND-SUCCESS NIL :MAIN-CHILD-FORM NIL) :PID 25922 :LAYER :DAEMON-UTILS-LINUX-PORT :TRACE-FN DAEMON-UTILS-LINUX-PORT:FORK-THIS-PROCESS :TYPE-PROC :CHILD)
(:DAEMONIZATION :TRACE      :RESULT NIL :CALLED-FORM (START-DAEMON NIL #P"/media/WORK_PARTITION/work_dir/web-projects/dynserv/asdf-systems/daemonization/pid-files/default-pid" :CONFIGURE-RIGHTS-FN |#<CLOSURE (LAMBDA ()) {B23445D}>| :PREPARATION-FN |#<FUNCTION DAEMON-UTILS-PORT:ISOLATE-PROCESS>| :BEFORE-INIT-FN NIL :MAIN-FN NIL :BEFORE-PARENT-EXIT-FN NIL :OS-PARAMS '(:LINUX-UMASK 0)) :PID 25922 :LAYER :DAEMON-CORE-LINUX-PORT :TRACE-FN DAEMON-CORE-LINUX-PORT:START-DAEMON :TYPE-PROC :CHILD)
(:DAEMONIZATION :TRACE    :RESULT NIL :CALLED-FORM (START-SERVICE '(:BEFORE-INIT-FN NIL :BEFORE-PARENT-EXIT-FN NIL :EXIT T :GROUP NIL :MAIN-FUNCTION NIL :NAME NIL :OS-PARAMS (:LINUX-UMASK 0) :PARENT-CONF-FILE NIL :PARENT-CONF-FILE-DIR NIL :PID-FILE #P"/media/WORK_PARTITION/work_dir/web-projects/dynserv/asdf-systems/daemonization/pid-files/default-pid" :PID-FILE-DIR NIL :USER "lispuser")) :PID 25922 :LAYER :DAEMON-CORE-PORT :TRACE-FN DAEMON-CORE-PORT:START-SERVICE :TYPE-PROC :CHILD)
(:DAEMONIZATION :TRACE  :RESULT NIL :CALLED-FORM (DAEMONIZED |#<PATHNAME (with no namestring)
            :HOST #<SB-IMPL::UNIX-HOST {91596B9}>
            :DEVICE NIL
            :DIRECTORY (:ABSOLUTE "media" "WORK_PARTITION" "work_dir"
                        "web-projects" "dynserv" "asdf-systems" "daemonization"
                        "scripts")
            :NAME "daemon.conf"
            :TYPE NIL
            :VERSION :NEWEST>| "start" :ON-ERROR :EXIT-FROM-LISP :RECREATE-PID-FILE-ON-START NIL :PRINT-EXTRA-STATUS NIL) :PID 25922 :LAYER :DAEMONIZATION :TRACE-FN DAEMONIZATION:DAEMONIZED :TYPE-PROC NIL)
(:DAEMONIZATION :TRACE              :CALL (GET-STATUS) :PID 25919 :LAYER :DAEMON-UTILS-LINUX-PORT :TRACE-FN DAEMON-UTILS-LINUX-PORT::GET-STATUS :TYPE-PROC :PARENT)
(:DAEMONIZATION :TRACE              :RESULT 10 :CALLED-FORM (GET-STATUS) :PID 25919 :LAYER :DAEMON-UTILS-LINUX-PORT :TRACE-FN DAEMON-UTILS-LINUX-PORT::GET-STATUS :TYPE-PROC :PARENT)
(:DAEMONIZATION :TRACE              :CALL (GET-STATUS) :PID 25919 :LAYER :DAEMON-UTILS-LINUX-PORT :TRACE-FN DAEMON-UTILS-LINUX-PORT::GET-STATUS :TYPE-PROC :PARENT)
(:DAEMONIZATION :TRACE              :RESULT 10 :CALLED-FORM (GET-STATUS) :PID 25919 :LAYER :DAEMON-UTILS-LINUX-PORT :TRACE-FN DAEMON-UTILS-LINUX-PORT::GET-STATUS :TYPE-PROC :PARENT)
(:DAEMONIZATION :TRACE              :CALL (GET-EXIT-CODE) :PID 25919 :LAYER :DAEMON-UTILS-LINUX-PORT :TRACE-FN DAEMON-UTILS-LINUX-PORT::GET-EXIT-CODE :TYPE-PROC :PARENT)
(:DAEMONIZATION :TRACE              :RESULT NIL :CALLED-FORM (GET-EXIT-CODE) :PID 25919 :LAYER :DAEMON-UTILS-LINUX-PORT :TRACE-FN DAEMON-UTILS-LINUX-PORT::GET-EXIT-CODE :TYPE-PROC :PARENT)
(:DAEMONIZATION :TRACE              :CALL (CLEAR-STATUS-AND-EXIT-CODE) :PID 25919 :LAYER :DAEMON-UTILS-LINUX-PORT :TRACE-FN DAEMON-UTILS-LINUX-PORT::CLEAR-STATUS-AND-EXIT-CODE :TYPE-PROC :PARENT)
(:DAEMONIZATION :TRACE              :RESULT NIL :CALLED-FORM (CLEAR-STATUS-AND-EXIT-CODE) :PID 25919 :LAYER :DAEMON-UTILS-LINUX-PORT :TRACE-FN DAEMON-UTILS-LINUX-PORT::CLEAR-STATUS-AND-EXIT-CODE :TYPE-PROC :PARENT)
(:DAEMONIZATION :TRACE              :CALL (CUR-EXIT 0 #S(DAEMON-SHARE:EXTRA-STATUS
   :PID 25922
   :EXIT-CODE NIL
   :NAME NIL
   :PID-FILE NIL
   :USER NIL)) :PID 25919 :LAYER :DAEMON-CORE-LINUX-PORT :TRACE-FN DAEMON-CORE-LINUX-PORT::CUR-EXIT :TYPE-PROC :PARENT)
(:DAEMONIZATION :TRACE    :CALL (ANALIZED-AND-PRINT-RESULT '(0 #S(DAEMON-SHARE:EXTRA-STATUS
   :PID 25922
   :EXIT-CODE NIL
   :NAME NIL
   :PID-FILE NIL
   :USER NIL)) "start" '(:BEFORE-INIT-FN NIL :BEFORE-PARENT-EXIT-FN NIL :EXIT T :GROUP NIL :MAIN-FUNCTION NIL :NAME NIL :OS-PARAMS (:LINUX-UMASK 0) :PARENT-CONF-FILE NIL :PARENT-CONF-FILE-DIR NIL :PID-FILE #P"/media/WORK_PARTITION/work_dir/web-projects/dynserv/asdf-systems/daemonization/pid-files/default-pid" :PID-FILE-DIR NIL :USER "lispuser") :PRINT-EXTRA-STATUS NIL) :PID 25919 :LAYER :DAEMONIZATION :TRACE-FN DAEMONIZATION::ANALIZED-AND-PRINT-RESULT :TYPE-PROC :PARENT)
(:DAEMONIZATION :TRACE    :RESULT (0 #S(DAEMON-SHARE:EXTRA-STATUS
   :PID 25922
   :EXIT-CODE NIL
   :NAME NIL
   :PID-FILE NIL
   :USER NIL)) :CALLED-FORM (ANALIZED-AND-PRINT-RESULT '(0 #S(DAEMON-SHARE:EXTRA-STATUS
   :PID 25922
   :EXIT-CODE NIL
   :NAME NIL
   :PID-FILE NIL
   :USER NIL)) "start" '(:BEFORE-INIT-FN NIL :BEFORE-PARENT-EXIT-FN NIL :EXIT T :GROUP NIL :MAIN-FUNCTION NIL :NAME NIL :OS-PARAMS (:LINUX-UMASK 0) :PARENT-CONF-FILE NIL :PARENT-CONF-FILE-DIR NIL :PID-FILE #P"/media/WORK_PARTITION/work_dir/web-projects/dynserv/asdf-systems/daemonization/pid-files/default-pid" :PID-FILE-DIR NIL :USER "lispuser") :PRINT-EXTRA-STATUS NIL) :PID 25919 :LAYER :DAEMONIZATION :TRACE-FN DAEMONIZATION::ANALIZED-AND-PRINT-RESULT :TYPE-PROC :PARENT)
(:DAEMONIZATION :TRACE    :CALL (EXIT 0) :PID 25919 :LAYER :DAEMON-UNIX-API-PORT :TRACE-FN DAEMON-UNIX-API-PORT:EXIT :TYPE-PROC :PARENT)
(:DAEMONIZATION :TRACE  :CALL (CUR-EXIT 0 NIL) :PID 25922 :LAYER :DAEMON-CORE-LINUX-PORT :TRACE-FN DAEMON-CORE-LINUX-PORT::CUR-EXIT :TYPE-PROC NIL)
(:DAEMONIZATION :TRACE    :CALL (EXIT 0) :PID 25922 :LAYER :DAEMON-UNIX-API-PORT :TRACE-FN DAEMON-UNIX-API-PORT:EXIT :TYPE-PROC NIL)