
(:DAEMONIZATION :TRACE  :CALL (DAEMONIZED |#<PATHNAME (with no namestring)
            :HOST #<SB-IMPL::UNIX-HOST {91596B9}>
            :DEVICE NIL
            :DIRECTORY (:ABSOLUTE "media" "WORK_PARTITION" "work_dir"
                        "web-projects" "dynserv" "asdf-systems" "daemonization"
                        "scripts")
            :NAME "daemon.conf"
            :TYPE NIL
            :VERSION :NEWEST>| "start" :ON-ERROR :EXIT-FROM-LISP :RECREATE-PID-FILE-ON-START NIL :PRINT-EXTRA-STATUS NIL) :PID 25919 :LAYER :DAEMONIZATION :TRACE-FN DAEMONIZATION:DAEMONIZED :TYPE-PROC NIL)
(:DAEMONIZATION :TRACE    :CALL (CHECK-DAEMON-COMMAND "start") :PID 25919 :LAYER :DAEMONIZATION :TRACE-FN DAEMONIZATION::CHECK-DAEMON-COMMAND :TYPE-PROC NIL)
(:DAEMONIZATION :TRACE    :RESULT "start" :CALLED-FORM (CHECK-DAEMON-COMMAND "start") :PID 25919 :LAYER :DAEMONIZATION :TRACE-FN DAEMONIZATION::CHECK-DAEMON-COMMAND :TYPE-PROC NIL)
(:DAEMONIZATION :TRACE    :CALL (CORRECT-AND-CHECK-CONF-PARAMS |#<PATHNAME (with no namestring)
            :HOST #<SB-IMPL::UNIX-HOST {91596B9}>
            :DEVICE NIL
            :DIRECTORY (:ABSOLUTE "media" "WORK_PARTITION" "work_dir"
                        "web-projects" "dynserv" "asdf-systems" "daemonization"
                        "scripts")
            :NAME "daemon.conf"
            :TYPE NIL
            :VERSION :NEWEST>| |#<CLOSURE (LAMBDA (DAEMONIZATION::CONF-PARAMS)) {AFD85D5}>|) :PID 25919 :LAYER :DAEMONIZATION :TRACE-FN DAEMONIZATION::CORRECT-AND-CHECK-CONF-PARAMS :TYPE-PROC NIL)
(:DAEMONIZATION :TRACE      :CALL (NORMALIZE-CONF-PARAMS |#<PATHNAME (with no namestring)
            :HOST #<SB-IMPL::UNIX-HOST {91596B9}>
            :DEVICE NIL
            :DIRECTORY (:ABSOLUTE "media" "WORK_PARTITION" "work_dir"
                        "web-projects" "dynserv" "asdf-systems" "daemonization"
                        "scripts")
            :NAME "daemon.conf"
            :TYPE NIL
            :VERSION :NEWEST>|) :PID 25919 :LAYER :DAEMONIZATION :TRACE-FN DAEMONIZATION::NORMALIZE-CONF-PARAMS :TYPE-PROC NIL)
(:DAEMONIZATION :TRACE      :RESULT (:PID-FILE "default-pid" :PID-FILE-DIR NIL :EXIT T :BEFORE-INIT-FN NIL :MAIN-FUNCTION NIL :NAME NIL :USER "lispuser" :GROUP NIL :BEFORE-PARENT-EXIT-FN NIL :PARENT-CONF-FILE NIL :PARENT-CONF-FILE-DIR NIL :OS-PARAMS (:LINUX-UMASK 0)) :CALLED-FORM (NORMALIZE-CONF-PARAMS |#<PATHNAME (with no namestring)
            :HOST #<SB-IMPL::UNIX-HOST {91596B9}>
            :DEVICE NIL
            :DIRECTORY (:ABSOLUTE "media" "WORK_PARTITION" "work_dir"
                        "web-projects" "dynserv" "asdf-systems" "daemonization"
                        "scripts")
            :NAME "daemon.conf"
            :TYPE NIL
            :VERSION :NEWEST>|) :PID 25919 :LAYER :DAEMONIZATION :TRACE-FN DAEMONIZATION::NORMALIZE-CONF-PARAMS :TYPE-PROC NIL)
(:DAEMONIZATION :TRACE      :CALL (CHECK-CONF-PARAMS '(:PID-FILE "default-pid" :PID-FILE-DIR NIL :EXIT T :BEFORE-INIT-FN NIL :MAIN-FUNCTION NIL :NAME NIL :USER "lispuser" :GROUP NIL :BEFORE-PARENT-EXIT-FN NIL :PARENT-CONF-FILE NIL :PARENT-CONF-FILE-DIR NIL :OS-PARAMS (:LINUX-UMASK 0)) "start") :PID 25919 :LAYER :DAEMONIZATION :TRACE-FN DAEMONIZATION::CHECK-CONF-PARAMS :TYPE-PROC NIL)
(:DAEMONIZATION :TRACE      :RESULT (:PID-FILE "default-pid" :PID-FILE-DIR NIL :EXIT T :BEFORE-INIT-FN NIL :MAIN-FUNCTION NIL :NAME NIL :USER "lispuser" :GROUP NIL :BEFORE-PARENT-EXIT-FN NIL :PARENT-CONF-FILE NIL :PARENT-CONF-FILE-DIR NIL :OS-PARAMS (:LINUX-UMASK 0)) :CALLED-FORM (CHECK-CONF-PARAMS '(:PID-FILE "default-pid" :PID-FILE-DIR NIL :EXIT T :BEFORE-INIT-FN NIL :MAIN-FUNCTION NIL :NAME NIL :USER "lispuser" :GROUP NIL :BEFORE-PARENT-EXIT-FN NIL :PARENT-CONF-FILE NIL :PARENT-CONF-FILE-DIR NIL :OS-PARAMS (:LINUX-UMASK 0)) "start") :PID 25919 :LAYER :DAEMONIZATION :TRACE-FN DAEMONIZATION::CHECK-CONF-PARAMS :TYPE-PROC NIL)
(:DAEMONIZATION :TRACE      :CALL (READ-CONF-PARAMS |#<PATHNAME (with no namestring)
            :HOST #<SB-IMPL::UNIX-HOST {91596B9}>
            :DEVICE NIL
            :DIRECTORY (:ABSOLUTE "media" "WORK_PARTITION" "work_dir"
                        "web-projects" "dynserv" "asdf-systems" "daemonization"
                        "conf-files")
            :NAME "default.conf"
            :TYPE NIL
            :VERSION NIL>|) :PID 25919 :LAYER :DAEMONIZATION :TRACE-FN DAEMONIZATION::READ-CONF-PARAMS :TYPE-PROC NIL)
(:DAEMONIZATION :TRACE      :RESULT (:PID-FILE "default-pid" :PID-FILE-DIR NIL :EXIT T :BEFORE-INIT-FN NIL :MAIN-FUNCTION NIL :NAME NIL :USER NIL :GROUP NIL :BEFORE-PARENT-EXIT-FN NIL :PARENT-CONF-FILE NIL :PARENT-CONF-FILE-DIR NIL :OS-PARAMS (:LINUX-UMASK 0)) :CALLED-FORM (READ-CONF-PARAMS |#<PATHNAME (with no namestring)
            :HOST #<SB-IMPL::UNIX-HOST {91596B9}>
            :DEVICE NIL
            :DIRECTORY (:ABSOLUTE "media" "WORK_PARTITION" "work_dir"
                        "web-projects" "dynserv" "asdf-systems" "daemonization"
                        "conf-files")
            :NAME "default.conf"
            :TYPE NIL
            :VERSION NIL>|) :PID 25919 :LAYER :DAEMONIZATION :TRACE-FN DAEMONIZATION::READ-CONF-PARAMS :TYPE-PROC NIL)
(:DAEMONIZATION :TRACE      :CALL (CHECK-CONF-PARAMS '(:PID-FILE "default-pid" :PID-FILE-DIR NIL :EXIT T :BEFORE-INIT-FN NIL :MAIN-FUNCTION NIL :NAME NIL :USER NIL :GROUP NIL :BEFORE-PARENT-EXIT-FN NIL :PARENT-CONF-FILE NIL :PARENT-CONF-FILE-DIR NIL :OS-PARAMS (:LINUX-UMASK 0)) "start") :PID 25919 :LAYER :DAEMONIZATION :TRACE-FN DAEMONIZATION::CHECK-CONF-PARAMS :TYPE-PROC NIL)
(:DAEMONIZATION :TRACE      :RESULT (:PID-FILE "default-pid" :PID-FILE-DIR NIL :EXIT T :BEFORE-INIT-FN NIL :MAIN-FUNCTION NIL :NAME NIL :USER NIL :GROUP NIL :BEFORE-PARENT-EXIT-FN NIL :PARENT-CONF-FILE NIL :PARENT-CONF-FILE-DIR NIL :OS-PARAMS (:LINUX-UMASK 0)) :CALLED-FORM (CHECK-CONF-PARAMS '(:PID-FILE "default-pid" :PID-FILE-DIR NIL :EXIT T :BEFORE-INIT-FN NIL :MAIN-FUNCTION NIL :NAME NIL :USER NIL :GROUP NIL :BEFORE-PARENT-EXIT-FN NIL :PARENT-CONF-FILE NIL :PARENT-CONF-FILE-DIR NIL :OS-PARAMS (:LINUX-UMASK 0)) "start") :PID 25919 :LAYER :DAEMONIZATION :TRACE-FN DAEMONIZATION::CHECK-CONF-PARAMS :TYPE-PROC NIL)
(:DAEMONIZATION :TRACE      :CALL (MERGE-CONF-PARAMS '(:PID-FILE "default-pid" :PID-FILE-DIR NIL :EXIT T :BEFORE-INIT-FN NIL :MAIN-FUNCTION NIL :NAME NIL :USER NIL :GROUP NIL :BEFORE-PARENT-EXIT-FN NIL :PARENT-CONF-FILE NIL :PARENT-CONF-FILE-DIR NIL :OS-PARAMS (:LINUX-UMASK 0)) '(:PID-FILE "default-pid" :PID-FILE-DIR NIL :EXIT T :BEFORE-INIT-FN NIL :MAIN-FUNCTION NIL :NAME NIL :USER "lispuser" :GROUP NIL :BEFORE-PARENT-EXIT-FN NIL :PARENT-CONF-FILE NIL :PARENT-CONF-FILE-DIR NIL :OS-PARAMS (:LINUX-UMASK 0))) :PID 25919 :LAYER :DAEMONIZATION :TRACE-FN DAEMONIZATION::MERGE-CONF-PARAMS :TYPE-PROC NIL)
(:DAEMONIZATION :TRACE      :RESULT (:PID-FILE "default-pid" :PID-FILE-DIR NIL :EXIT T :BEFORE-INIT-FN NIL :MAIN-FUNCTION NIL :NAME NIL :USER "lispuser" :GROUP NIL :BEFORE-PARENT-EXIT-FN NIL :PARENT-CONF-FILE NIL :PARENT-CONF-FILE-DIR NIL :OS-PARAMS (:LINUX-UMASK 0)) :CALLED-FORM (MERGE-CONF-PARAMS '(:PID-FILE "default-pid" :PID-FILE-DIR NIL :EXIT T :BEFORE-INIT-FN NIL :MAIN-FUNCTION NIL :NAME NIL :USER NIL :GROUP NIL :BEFORE-PARENT-EXIT-FN NIL :PARENT-CONF-FILE NIL :PARENT-CONF-FILE-DIR NIL :OS-PARAMS (:LINUX-UMASK 0)) '(:PID-FILE "default-pid" :PID-FILE-DIR NIL :EXIT T :BEFORE-INIT-FN NIL :MAIN-FUNCTION NIL :NAME NIL :USER "lispuser" :GROUP NIL :BEFORE-PARENT-EXIT-FN NIL :PARENT-CONF-FILE NIL :PARENT-CONF-FILE-DIR NIL :OS-PARAMS (:LINUX-UMASK 0))) :PID 25919 :LAYER :DAEMONIZATION :TRACE-FN DAEMONIZATION::MERGE-CONF-PARAMS :TYPE-PROC NIL)
(:DAEMONIZATION :TRACE      :CALL (SORT-CONF-PARAMS '(:PID-FILE "default-pid" :PID-FILE-DIR NIL :EXIT T :BEFORE-INIT-FN NIL :MAIN-FUNCTION NIL :NAME NIL :USER "lispuser" :GROUP NIL :BEFORE-PARENT-EXIT-FN NIL :PARENT-CONF-FILE NIL :PARENT-CONF-FILE-DIR NIL :OS-PARAMS (:LINUX-UMASK 0))) :PID 25919 :LAYER :DAEMONIZATION :TRACE-FN DAEMONIZATION::SORT-CONF-PARAMS :TYPE-PROC NIL)
(:DAEMONIZATION :TRACE      :RESULT (:BEFORE-INIT-FN NIL :BEFORE-PARENT-EXIT-FN NIL :EXIT T :GROUP NIL :MAIN-FUNCTION NIL :NAME NIL :OS-PARAMS (:LINUX-UMASK 0) :PARENT-CONF-FILE NIL :PARENT-CONF-FILE-DIR NIL :PID-FILE "default-pid" :PID-FILE-DIR NIL :USER "lispuser") :CALLED-FORM (SORT-CONF-PARAMS '(:PID-FILE "default-pid" :PID-FILE-DIR NIL :EXIT T :BEFORE-INIT-FN NIL :MAIN-FUNCTION NIL :NAME NIL :USER "lispuser" :GROUP NIL :BEFORE-PARENT-EXIT-FN NIL :PARENT-CONF-FILE NIL :PARENT-CONF-FILE-DIR NIL :OS-PARAMS (:LINUX-UMASK 0))) :PID 25919 :LAYER :DAEMONIZATION :TRACE-FN DAEMONIZATION::SORT-CONF-PARAMS :TYPE-PROC NIL)
(:DAEMONIZATION :TRACE    :RESULT (:BEFORE-INIT-FN NIL :BEFORE-PARENT-EXIT-FN NIL :EXIT T :GROUP NIL :MAIN-FUNCTION NIL :NAME NIL :OS-PARAMS (:LINUX-UMASK 0) :PARENT-CONF-FILE NIL :PARENT-CONF-FILE-DIR NIL :PID-FILE "default-pid" :PID-FILE-DIR NIL :USER "lispuser") :CALLED-FORM (CORRECT-AND-CHECK-CONF-PARAMS |#<PATHNAME (with no namestring)
            :HOST #<SB-IMPL::UNIX-HOST {91596B9}>
            :DEVICE NIL
            :DIRECTORY (:ABSOLUTE "media" "WORK_PARTITION" "work_dir"
                        "web-projects" "dynserv" "asdf-systems" "daemonization"
                        "scripts")
            :NAME "daemon.conf"
            :TYPE NIL
            :VERSION :NEWEST>| |#<CLOSURE (LAMBDA (DAEMONIZATION::CONF-PARAMS)) {AFD85D5}>|) :PID 25919 :LAYER :DAEMONIZATION :TRACE-FN DAEMONIZATION::CORRECT-AND-CHECK-CONF-PARAMS :TYPE-PROC NIL)
(:DAEMONIZATION :TRACE    :CALL (CHECK-AND-CORRECT-PID-FILE-PARAM '(:BEFORE-INIT-FN NIL :BEFORE-PARENT-EXIT-FN NIL :EXIT T :GROUP NIL :MAIN-FUNCTION NIL :NAME NIL :OS-PARAMS (:LINUX-UMASK 0) :PARENT-CONF-FILE NIL :PARENT-CONF-FILE-DIR NIL :PID-FILE "default-pid" :PID-FILE-DIR NIL :USER "lispuser") "start") :PID 25919 :LAYER :DAEMONIZATION :TRACE-FN DAEMONIZATION::CHECK-AND-CORRECT-PID-FILE-PARAM :TYPE-PROC NIL)
(:DAEMONIZATION :TRACE    :RESULT #P"/media/WORK_PARTITION/work_dir/web-projects/dynserv/asdf-systems/daemonization/pid-files/default-pid" :CALLED-FORM (CHECK-AND-CORRECT-PID-FILE-PARAM '(:BEFORE-INIT-FN NIL :BEFORE-PARENT-EXIT-FN NIL :EXIT T :GROUP NIL :MAIN-FUNCTION NIL :NAME NIL :OS-PARAMS (:LINUX-UMASK 0) :PARENT-CONF-FILE NIL :PARENT-CONF-FILE-DIR NIL :PID-FILE "default-pid" :PID-FILE-DIR NIL :USER "lispuser") "start") :PID 25919 :LAYER :DAEMONIZATION :TRACE-FN DAEMONIZATION::CHECK-AND-CORRECT-PID-FILE-PARAM :TYPE-PROC NIL)
(:DAEMONIZATION :TRACE    :CALL (CHECK-NOT-EXISTS-PID-FILE #P"/media/WORK_PARTITION/work_dir/web-projects/dynserv/asdf-systems/daemonization/pid-files/default-pid" "start") :PID 25919 :LAYER :DAEMONIZATION :TRACE-FN DAEMONIZATION::CHECK-NOT-EXISTS-PID-FILE :TYPE-PROC NIL)
(:DAEMONIZATION :TRACE    :RESULT NIL :CALLED-FORM (CHECK-NOT-EXISTS-PID-FILE #P"/media/WORK_PARTITION/work_dir/web-projects/dynserv/asdf-systems/daemonization/pid-files/default-pid" "start") :PID 25919 :LAYER :DAEMONIZATION :TRACE-FN DAEMONIZATION::CHECK-NOT-EXISTS-PID-FILE :TYPE-PROC NIL)
(:DAEMONIZATION :TRACE    :CALL (START-SERVICE '(:BEFORE-INIT-FN NIL :BEFORE-PARENT-EXIT-FN NIL :EXIT T :GROUP NIL :MAIN-FUNCTION NIL :NAME NIL :OS-PARAMS (:LINUX-UMASK 0) :PARENT-CONF-FILE NIL :PARENT-CONF-FILE-DIR NIL :PID-FILE #P"/media/WORK_PARTITION/work_dir/web-projects/dynserv/asdf-systems/daemonization/pid-files/default-pid" :PID-FILE-DIR NIL :USER "lispuser")) :PID 25919 :LAYER :DAEMON-CORE-PORT :TRACE-FN DAEMON-CORE-PORT:START-SERVICE :TYPE-PROC :PARENT)
(:DAEMONIZATION :TRACE      :CALL (START-DAEMON NIL #P"/media/WORK_PARTITION/work_dir/web-projects/dynserv/asdf-systems/daemonization/pid-files/default-pid" :CONFIGURE-RIGHTS-FN |#<CLOSURE (LAMBDA ()) {B23445D}>| :PREPARATION-FN |#<FUNCTION DAEMON-UTILS-PORT:ISOLATE-PROCESS>| :BEFORE-INIT-FN NIL :MAIN-FN NIL :BEFORE-PARENT-EXIT-FN NIL :OS-PARAMS '(:LINUX-UMASK 0)) :PID 25919 :LAYER :DAEMON-CORE-LINUX-PORT :TRACE-FN DAEMON-CORE-LINUX-PORT:START-DAEMON :TYPE-PROC :PARENT)
(:DAEMONIZATION :TRACE        :CALL (FORK-THIS-PROCESS :FN-EXIT |#<CLOSURE (LAMBDA
               (&OPTIONAL (DAEMON-CORE-LINUX-PORT::STATUS DAEMON-SHARE:+EX-OK+)
                DAEMON-SHARE:EXTRA-STATUS)) {B24D5D5}>| :PARENT-FORM-BEFORE-FORK |#<CLOSURE (LAMBDA ()) {B23445D}>| :PARENT-FORM-BEFORE-EXIT NIL :CHILD-FORM-AFTER-FORK |#<CLOSURE (LAMBDA ()) {B24D5E5}>| :CHILD-FORM-BEFORE-SEND-SUCCESS |#<CLOSURE (LAMBDA ()) {B24D5F5}>| :CHILD-FORM-AFTER-SEND-SUCCESS NIL :MAIN-CHILD-FORM NIL) :PID 25919 :LAYER :DAEMON-UTILS-LINUX-PORT :TRACE-FN DAEMON-UTILS-LINUX-PORT:FORK-THIS-PROCESS :TYPE-PROC :PARENT)
(:DAEMONIZATION :TRACE          :CALL (SB-SYS:ENABLE-INTERRUPT 10 |#<CLOSURE DAEMON-UTILS-LINUX-PORT::SIGNAL-HANDLER>|) :PID 25919 :LAYER :DAEMON-UTILS-LINUX-PORT :TRACE-FN DAEMON-UTILS-LINUX-PORT:FORK-THIS-PROCESS :TYPE-PROC :PARENT)
(:DAEMONIZATION :TRACE          :RESULT :DEFAULT :CALLED-FORM (SB-SYS:ENABLE-INTERRUPT 10 |#<CLOSURE DAEMON-UTILS-LINUX-PORT::SIGNAL-HANDLER>|) :PID 25919 :LAYER :DAEMON-UTILS-LINUX-PORT :TRACE-FN DAEMON-UTILS-LINUX-PORT:FORK-THIS-PROCESS :TYPE-PROC :PARENT)
(:DAEMONIZATION :TRACE          :CALL (SB-SYS:ENABLE-INTERRUPT 17 |#<CLOSURE DAEMON-UTILS-LINUX-PORT::SIGCHLD-HANDLER>|) :PID 25919 :LAYER :DAEMON-UTILS-LINUX-PORT :TRACE-FN DAEMON-UTILS-LINUX-PORT:FORK-THIS-PROCESS :TYPE-PROC :PARENT)
(:DAEMONIZATION :TRACE          :RESULT (:VALUES |#<CLOSURE (FLET SB-UNIX::RUN-HANDLER) {AA78075}>| T) :CALLED-FORM (SB-SYS:ENABLE-INTERRUPT 17 |#<CLOSURE DAEMON-UTILS-LINUX-PORT::SIGCHLD-HANDLER>|) :PID 25919 :LAYER :DAEMON-UTILS-LINUX-PORT :TRACE-FN DAEMON-UTILS-LINUX-PORT:FORK-THIS-PROCESS :TYPE-PROC :PARENT)
(:DAEMONIZATION :TRACE          :CALL (WHEN PARENT-FORM-BEFORE-FORK (FUNCALL PARENT-FORM-BEFORE-FORK)) :PID 25919 :LAYER :DAEMON-UTILS-LINUX-PORT :TRACE-FN DAEMON-UTILS-LINUX-PORT:FORK-THIS-PROCESS :TYPE-PROC :PARENT)
(:DAEMONIZATION :TRACE            :CALL (RESTRICT-RIGHTS :NEW-USER "lispuser" :NEW-GROUP NIL) :PID 25919 :LAYER :DAEMON-UTILS-PORT :TRACE-FN DAEMON-UTILS-PORT:RESTRICT-RIGHTS :TYPE-PROC :PARENT)
(:DAEMONIZATION :TRACE              :CALL (IS-ADMIN-USER-AND-CHANGE-USER-P "lispuser" NIL) :PID 25919 :LAYER :DAEMON-UTILS-PORT :TRACE-FN DAEMON-UTILS-PORT::IS-ADMIN-USER-AND-CHANGE-USER-P :TYPE-PROC :PARENT)
(:DAEMONIZATION :TRACE                :CALL (GETPID) :PID 25919 :LAYER :DAEMON-UNIX-API-PORT :TRACE-FN DAEMON-UNIX-API-PORT:GETPID :TYPE-PROC :PARENT)
(:DAEMONIZATION :TRACE                :RESULT 25919 :CALLED-FORM (GETPID) :PID 25919 :LAYER :DAEMON-UNIX-API-PORT :TRACE-FN DAEMON-UNIX-API-PORT:GETPID :TYPE-PROC :PARENT)
(:DAEMONIZATION :TRACE                :CALL (GET-USERNAME) :PID 25919 :LAYER :DAEMON-UTILS-LINUX-PORT :TRACE-FN DAEMON-UTILS-LINUX-PORT:GET-USERNAME :TYPE-PROC :PARENT)
(:DAEMONIZATION :TRACE                :RESULT "root" :CALLED-FORM (GET-USERNAME) :PID 25919 :LAYER :DAEMON-UTILS-LINUX-PORT :TRACE-FN DAEMON-UTILS-LINUX-PORT:GET-USERNAME :TYPE-PROC :PARENT)
(:DAEMONIZATION :TRACE                :CALL (GET-GROUPNAME) :PID 25919 :LAYER :DAEMON-UTILS-LINUX-PORT :TRACE-FN DAEMON-UTILS-LINUX-PORT:GET-GROUPNAME :TYPE-PROC :PARENT)
(:DAEMONIZATION :TRACE                  :CALL (GETGID) :PID 25919 :LAYER :DAEMON-UNIX-API-PORT :TRACE-FN DAEMON-UNIX-API-PORT:GETGID :TYPE-PROC :PARENT)
(:DAEMONIZATION :TRACE                  :RESULT 0 :CALLED-FORM (GETGID) :PID 25919 :LAYER :DAEMON-UNIX-API-PORT :TRACE-FN DAEMON-UNIX-API-PORT:GETGID :TYPE-PROC :PARENT)
(:DAEMONIZATION :TRACE                  :CALL (GETGRGID 0) :PID 25919 :LAYER :DAEMON-UNIX-API-PORT :TRACE-FN DAEMON-UNIX-API-PORT:GETGRGID :TYPE-PROC :PARENT)
(:DAEMONIZATION :TRACE                  :RESULT |#<SB-POSIX:GROUP {B3885E1}>| :CALLED-FORM (GETGRGID 0) :PID 25919 :LAYER :DAEMON-UNIX-API-PORT :TRACE-FN DAEMON-UNIX-API-PORT:GETGRGID :TYPE-PROC :PARENT)
(:DAEMONIZATION :TRACE                  :CALL (GROUP-NAME |#<SB-POSIX:GROUP {B3885E1}>|) :PID 25919 :LAYER :DAEMON-UNIX-API-PORT :TRACE-FN DAEMON-UNIX-API-PORT:GROUP-NAME :TYPE-PROC :PARENT)
(:DAEMONIZATION :TRACE                  :RESULT "root" :CALLED-FORM (GROUP-NAME |#<SB-POSIX:GROUP {B3885E1}>|) :PID 25919 :LAYER :DAEMON-UNIX-API-PORT :TRACE-FN DAEMON-UNIX-API-PORT:GROUP-NAME :TYPE-PROC :PARENT)
(:DAEMONIZATION :TRACE                :RESULT "root" :CALLED-FORM (GET-GROUPNAME) :PID 25919 :LAYER :DAEMON-UTILS-LINUX-PORT :TRACE-FN DAEMON-UTILS-LINUX-PORT:GET-GROUPNAME :TYPE-PROC :PARENT)
(:DAEMONIZATION :TRACE                :CALL (EQUAL-USERS "root" "lispuser") :PID 25919 :LAYER :DAEMON-UTILS-LINUX-PORT :TRACE-FN DAEMON-UTILS-LINUX-PORT:EQUAL-USERS :TYPE-PROC :PARENT)
(:DAEMONIZATION :TRACE                :RESULT NIL :CALLED-FORM (EQUAL-USERS "root" "lispuser") :PID 25919 :LAYER :DAEMON-UTILS-LINUX-PORT :TRACE-FN DAEMON-UTILS-LINUX-PORT:EQUAL-USERS :TYPE-PROC :PARENT)
(:DAEMONIZATION :TRACE                :CALL (ADMIN-USER-P "root") :PID 25919 :LAYER :DAEMON-UTILS-LINUX-PORT :TRACE-FN DAEMON-UTILS-LINUX-PORT:ADMIN-USER-P :TYPE-PROC :PARENT)
(:DAEMONIZATION :TRACE                :RESULT T :CALLED-FORM (ADMIN-USER-P "root") :PID 25919 :LAYER :DAEMON-UTILS-LINUX-PORT :TRACE-FN DAEMON-UTILS-LINUX-PORT:ADMIN-USER-P :TYPE-PROC :PARENT)
(:DAEMONIZATION :TRACE              :RESULT T :CALLED-FORM (IS-ADMIN-USER-AND-CHANGE-USER-P "lispuser" NIL) :PID 25919 :LAYER :DAEMON-UTILS-PORT :TRACE-FN DAEMON-UTILS-PORT::IS-ADMIN-USER-AND-CHANGE-USER-P :TYPE-PROC :PARENT)
(:DAEMONIZATION :TRACE              :CALL (PREPARATION-BEFORE-GRANT) :PID 25919 :LAYER :DAEMON-UTILS-PORT :TRACE-FN DAEMON-UTILS-PORT::PREPARATION-BEFORE-GRANT :TYPE-PROC :PARENT)
(:DAEMONIZATION :TRACE                :CALL (PREPARATION-BEFORE-GRANT-LISTEN-PRIVILEGED-PORTS) :PID 25919 :LAYER :DAEMON-UTILS-LINUX-PORT :TRACE-FN DAEMON-UTILS-LINUX-PORT:PREPARATION-BEFORE-GRANT-LISTEN-PRIVILEGED-PORTS :TYPE-PROC :PARENT)
(:DAEMONIZATION :TRACE                  :CALL (PRCTL 8 1) :PID 25919 :LAYER :DAEMON-UNIX-API-PORT :TRACE-FN DAEMON-UNIX-API-PORT:PRCTL :TYPE-PROC :PARENT)
(:DAEMONIZATION :TRACE                  :RESULT 0 :CALLED-FORM (PRCTL 8 1) :PID 25919 :LAYER :DAEMON-UNIX-API-PORT :TRACE-FN DAEMON-UNIX-API-PORT:PRCTL :TYPE-PROC :PARENT)
(:DAEMONIZATION :TRACE                :RESULT 0 :CALLED-FORM (PREPARATION-BEFORE-GRANT-LISTEN-PRIVILEGED-PORTS) :PID 25919 :LAYER :DAEMON-UTILS-LINUX-PORT :TRACE-FN DAEMON-UTILS-LINUX-PORT:PREPARATION-BEFORE-GRANT-LISTEN-PRIVILEGED-PORTS :TYPE-PROC :PARENT)
(:DAEMONIZATION :TRACE              :RESULT 0 :CALLED-FORM (PREPARATION-BEFORE-GRANT) :PID 25919 :LAYER :DAEMON-UTILS-PORT :TRACE-FN DAEMON-UTILS-PORT::PREPARATION-BEFORE-GRANT :TYPE-PROC :PARENT)
(:DAEMONIZATION :TRACE              :CALL (CHANGE-USER :USER "lispuser" :GROUP NIL) :PID 25919 :LAYER :DAEMON-UTILS-PORT :TRACE-FN DAEMON-UTILS-PORT::CHANGE-USER :TYPE-PROC :PARENT)
(:DAEMONIZATION :TRACE                :CALL (LINUX-CHANGE-USER :NAME "lispuser" :GROUP NIL) :PID 25919 :LAYER :DAEMON-UTILS-LINUX-PORT :TRACE-FN DAEMON-UTILS-LINUX-PORT:LINUX-CHANGE-USER :TYPE-PROC :PARENT)
(:DAEMONIZATION :TRACE                  :CALL (DAEMON-UNIX-API-PORT:GETPWNAM "lispuser") :PID 25919 :LAYER :DAEMON-UTILS-LINUX-PORT :TRACE-FN DAEMON-UTILS-LINUX-PORT:LINUX-CHANGE-USER :TYPE-PROC :PARENT)
(:DAEMONIZATION :TRACE                    :CALL (GETPWNAM "lispuser") :PID 25919 :LAYER :DAEMON-UNIX-API-PORT :TRACE-FN DAEMON-UNIX-API-PORT:GETPWNAM :TYPE-PROC :PARENT)
(:DAEMONIZATION :TRACE                    :RESULT |#<SB-POSIX:PASSWD {B462DE1}>| :CALLED-FORM (GETPWNAM "lispuser") :PID 25919 :LAYER :DAEMON-UNIX-API-PORT :TRACE-FN DAEMON-UNIX-API-PORT:GETPWNAM :TYPE-PROC :PARENT)
(:DAEMONIZATION :TRACE                  :RESULT |#<SB-POSIX:PASSWD {B462DE1}>| :CALLED-FORM (DAEMON-UNIX-API-PORT:GETPWNAM "lispuser") :PID 25919 :LAYER :DAEMON-UTILS-LINUX-PORT :TRACE-FN DAEMON-UTILS-LINUX-PORT:LINUX-CHANGE-USER :TYPE-PROC :PARENT)
(:DAEMONIZATION :TRACE                  :CALL (PASSWD-GID |#<SB-POSIX:PASSWD {B462DE1}>|) :PID 25919 :LAYER :DAEMON-UNIX-API-PORT :TRACE-FN DAEMON-UNIX-API-PORT:PASSWD-GID :TYPE-PROC :PARENT)
(:DAEMONIZATION :TRACE                  :RESULT 1000 :CALLED-FORM (PASSWD-GID |#<SB-POSIX:PASSWD {B462DE1}>|) :PID 25919 :LAYER :DAEMON-UNIX-API-PORT :TRACE-FN DAEMON-UNIX-API-PORT:PASSWD-GID :TYPE-PROC :PARENT)
(:DAEMONIZATION :TRACE                  :CALL (PASSWD-UID |#<SB-POSIX:PASSWD {B462DE1}>|) :PID 25919 :LAYER :DAEMON-UNIX-API-PORT :TRACE-FN DAEMON-UNIX-API-PORT:PASSWD-UID :TYPE-PROC :PARENT)
(:DAEMONIZATION :TRACE                  :RESULT 1000 :CALLED-FORM (PASSWD-UID |#<SB-POSIX:PASSWD {B462DE1}>|) :PID 25919 :LAYER :DAEMON-UNIX-API-PORT :TRACE-FN DAEMON-UNIX-API-PORT:PASSWD-UID :TYPE-PROC :PARENT)
(:DAEMONIZATION :TRACE                  :CALL (SETRESGID 1000 1000 1000) :PID 25919 :LAYER :DAEMON-UNIX-API-PORT :TRACE-FN DAEMON-UNIX-API-PORT:SETRESGID :TYPE-PROC :PARENT)
(:DAEMONIZATION :TRACE                  :RESULT 0 :CALLED-FORM (SETRESGID 1000 1000 1000) :PID 25919 :LAYER :DAEMON-UNIX-API-PORT :TRACE-FN DAEMON-UNIX-API-PORT:SETRESGID :TYPE-PROC :PARENT)
(:DAEMONIZATION :TRACE                  :CALL (INITGROUPS "lispuser" 1000) :PID 25919 :LAYER :DAEMON-UNIX-API-PORT :TRACE-FN DAEMON-UNIX-API-PORT:INITGROUPS :TYPE-PROC :PARENT)
(:DAEMONIZATION :TRACE                  :RESULT 0 :CALLED-FORM (INITGROUPS "lispuser" 1000) :PID 25919 :LAYER :DAEMON-UNIX-API-PORT :TRACE-FN DAEMON-UNIX-API-PORT:INITGROUPS :TYPE-PROC :PARENT)
(:DAEMONIZATION :TRACE                  :CALL (SETRESUID 1000 1000 1000) :PID 25919 :LAYER :DAEMON-UNIX-API-PORT :TRACE-FN DAEMON-UNIX-API-PORT:SETRESUID :TYPE-PROC :PARENT)
(:DAEMONIZATION :TRACE  :CALL (DAEMONIZED |#<PATHNAME (with no namestring)
            :HOST #<SB-IMPL::UNIX-HOST {91596B9}>
            :DEVICE NIL
            :DIRECTORY (:ABSOLUTE "media" "WORK_PARTITION" "work_dir"
                        "web-projects" "dynserv" "asdf-systems" "daemonization"
                        "scripts")
            :NAME "daemon.conf"
            :TYPE NIL
            :VERSION :NEWEST>| "stop" :ON-ERROR :EXIT-FROM-LISP :RECREATE-PID-FILE-ON-START NIL :PRINT-EXTRA-STATUS NIL) :PID 25925 :LAYER :DAEMONIZATION :TRACE-FN DAEMONIZATION:DAEMONIZED :TYPE-PROC NIL)
(:DAEMONIZATION :TRACE    :CALL (CHECK-DAEMON-COMMAND "stop") :PID 25925 :LAYER :DAEMONIZATION :TRACE-FN DAEMONIZATION::CHECK-DAEMON-COMMAND :TYPE-PROC NIL)
(:DAEMONIZATION :TRACE    :RESULT "stop" :CALLED-FORM (CHECK-DAEMON-COMMAND "stop") :PID 25925 :LAYER :DAEMONIZATION :TRACE-FN DAEMONIZATION::CHECK-DAEMON-COMMAND :TYPE-PROC NIL)
(:DAEMONIZATION :TRACE    :CALL (CORRECT-AND-CHECK-CONF-PARAMS |#<PATHNAME (with no namestring)
            :HOST #<SB-IMPL::UNIX-HOST {91596B9}>
            :DEVICE NIL
            :DIRECTORY (:ABSOLUTE "media" "WORK_PARTITION" "work_dir"
                        "web-projects" "dynserv" "asdf-systems" "daemonization"
                        "scripts")
            :NAME "daemon.conf"
            :TYPE NIL
            :VERSION :NEWEST>| |#<CLOSURE (LAMBDA (DAEMONIZATION::CONF-PARAMS)) {AFD85D5}>|) :PID 25925 :LAYER :DAEMONIZATION :TRACE-FN DAEMONIZATION::CORRECT-AND-CHECK-CONF-PARAMS :TYPE-PROC NIL)
(:DAEMONIZATION :TRACE      :CALL (NORMALIZE-CONF-PARAMS |#<PATHNAME (with no namestring)
            :HOST #<SB-IMPL::UNIX-HOST {91596B9}>
            :DEVICE NIL
            :DIRECTORY (:ABSOLUTE "media" "WORK_PARTITION" "work_dir"
                        "web-projects" "dynserv" "asdf-systems" "daemonization"
                        "scripts")
            :NAME "daemon.conf"
            :TYPE NIL
            :VERSION :NEWEST>|) :PID 25925 :LAYER :DAEMONIZATION :TRACE-FN DAEMONIZATION::NORMALIZE-CONF-PARAMS :TYPE-PROC NIL)
(:DAEMONIZATION :TRACE      :RESULT (:PID-FILE "default-pid" :PID-FILE-DIR NIL :EXIT T :BEFORE-INIT-FN NIL :MAIN-FUNCTION NIL :NAME NIL :USER "lispuser" :GROUP NIL :BEFORE-PARENT-EXIT-FN NIL :PARENT-CONF-FILE NIL :PARENT-CONF-FILE-DIR NIL :OS-PARAMS (:LINUX-UMASK 0)) :CALLED-FORM (NORMALIZE-CONF-PARAMS |#<PATHNAME (with no namestring)
            :HOST #<SB-IMPL::UNIX-HOST {91596B9}>
            :DEVICE NIL
            :DIRECTORY (:ABSOLUTE "media" "WORK_PARTITION" "work_dir"
                        "web-projects" "dynserv" "asdf-systems" "daemonization"
                        "scripts")
            :NAME "daemon.conf"
            :TYPE NIL
            :VERSION :NEWEST>|) :PID 25925 :LAYER :DAEMONIZATION :TRACE-FN DAEMONIZATION::NORMALIZE-CONF-PARAMS :TYPE-PROC NIL)
(:DAEMONIZATION :TRACE      :CALL (CHECK-CONF-PARAMS '(:PID-FILE "default-pid" :PID-FILE-DIR NIL :EXIT T :BEFORE-INIT-FN NIL :MAIN-FUNCTION NIL :NAME NIL :USER "lispuser" :GROUP NIL :BEFORE-PARENT-EXIT-FN NIL :PARENT-CONF-FILE NIL :PARENT-CONF-FILE-DIR NIL :OS-PARAMS (:LINUX-UMASK 0)) "stop") :PID 25925 :LAYER :DAEMONIZATION :TRACE-FN DAEMONIZATION::CHECK-CONF-PARAMS :TYPE-PROC NIL)
(:DAEMONIZATION :TRACE      :RESULT (:PID-FILE "default-pid" :PID-FILE-DIR NIL :EXIT T :BEFORE-INIT-FN NIL :MAIN-FUNCTION NIL :NAME NIL :USER "lispuser" :GROUP NIL :BEFORE-PARENT-EXIT-FN NIL :PARENT-CONF-FILE NIL :PARENT-CONF-FILE-DIR NIL :OS-PARAMS (:LINUX-UMASK 0)) :CALLED-FORM (CHECK-CONF-PARAMS '(:PID-FILE "default-pid" :PID-FILE-DIR NIL :EXIT T :BEFORE-INIT-FN NIL :MAIN-FUNCTION NIL :NAME NIL :USER "lispuser" :GROUP NIL :BEFORE-PARENT-EXIT-FN NIL :PARENT-CONF-FILE NIL :PARENT-CONF-FILE-DIR NIL :OS-PARAMS (:LINUX-UMASK 0)) "stop") :PID 25925 :LAYER :DAEMONIZATION :TRACE-FN DAEMONIZATION::CHECK-CONF-PARAMS :TYPE-PROC NIL)
(:DAEMONIZATION :TRACE      :CALL (READ-CONF-PARAMS |#<PATHNAME (with no namestring)
            :HOST #<SB-IMPL::UNIX-HOST {91596B9}>
            :DEVICE NIL
            :DIRECTORY (:ABSOLUTE "media" "WORK_PARTITION" "work_dir"
                        "web-projects" "dynserv" "asdf-systems" "daemonization"
                        "conf-files")
            :NAME "default.conf"
            :TYPE NIL
            :VERSION NIL>|) :PID 25925 :LAYER :DAEMONIZATION :TRACE-FN DAEMONIZATION::READ-CONF-PARAMS :TYPE-PROC NIL)
(:DAEMONIZATION :TRACE      :RESULT (:PID-FILE "default-pid" :PID-FILE-DIR NIL :EXIT T :BEFORE-INIT-FN NIL :MAIN-FUNCTION NIL :NAME NIL :USER NIL :GROUP NIL :BEFORE-PARENT-EXIT-FN NIL :PARENT-CONF-FILE NIL :PARENT-CONF-FILE-DIR NIL :OS-PARAMS (:LINUX-UMASK 0)) :CALLED-FORM (READ-CONF-PARAMS |#<PATHNAME (with no namestring)
            :HOST #<SB-IMPL::UNIX-HOST {91596B9}>
            :DEVICE NIL
            :DIRECTORY (:ABSOLUTE "media" "WORK_PARTITION" "work_dir"
                        "web-projects" "dynserv" "asdf-systems" "daemonization"
                        "conf-files")
            :NAME "default.conf"
            :TYPE NIL
            :VERSION NIL>|) :PID 25925 :LAYER :DAEMONIZATION :TRACE-FN DAEMONIZATION::READ-CONF-PARAMS :TYPE-PROC NIL)
(:DAEMONIZATION :TRACE      :CALL (CHECK-CONF-PARAMS '(:PID-FILE "default-pid" :PID-FILE-DIR NIL :EXIT T :BEFORE-INIT-FN NIL :MAIN-FUNCTION NIL :NAME NIL :USER NIL :GROUP NIL :BEFORE-PARENT-EXIT-FN NIL :PARENT-CONF-FILE NIL :PARENT-CONF-FILE-DIR NIL :OS-PARAMS (:LINUX-UMASK 0)) "stop") :PID 25925 :LAYER :DAEMONIZATION :TRACE-FN DAEMONIZATION::CHECK-CONF-PARAMS :TYPE-PROC NIL)
(:DAEMONIZATION :TRACE      :RESULT (:PID-FILE "default-pid" :PID-FILE-DIR NIL :EXIT T :BEFORE-INIT-FN NIL :MAIN-FUNCTION NIL :NAME NIL :USER NIL :GROUP NIL :BEFORE-PARENT-EXIT-FN NIL :PARENT-CONF-FILE NIL :PARENT-CONF-FILE-DIR NIL :OS-PARAMS (:LINUX-UMASK 0)) :CALLED-FORM (CHECK-CONF-PARAMS '(:PID-FILE "default-pid" :PID-FILE-DIR NIL :EXIT T :BEFORE-INIT-FN NIL :MAIN-FUNCTION NIL :NAME NIL :USER NIL :GROUP NIL :BEFORE-PARENT-EXIT-FN NIL :PARENT-CONF-FILE NIL :PARENT-CONF-FILE-DIR NIL :OS-PARAMS (:LINUX-UMASK 0)) "stop") :PID 25925 :LAYER :DAEMONIZATION :TRACE-FN DAEMONIZATION::CHECK-CONF-PARAMS :TYPE-PROC NIL)
(:DAEMONIZATION :TRACE      :CALL (MERGE-CONF-PARAMS '(:PID-FILE "default-pid" :PID-FILE-DIR NIL :EXIT T :BEFORE-INIT-FN NIL :MAIN-FUNCTION NIL :NAME NIL :USER NIL :GROUP NIL :BEFORE-PARENT-EXIT-FN NIL :PARENT-CONF-FILE NIL :PARENT-CONF-FILE-DIR NIL :OS-PARAMS (:LINUX-UMASK 0)) '(:PID-FILE "default-pid" :PID-FILE-DIR NIL :EXIT T :BEFORE-INIT-FN NIL :MAIN-FUNCTION NIL :NAME NIL :USER "lispuser" :GROUP NIL :BEFORE-PARENT-EXIT-FN NIL :PARENT-CONF-FILE NIL :PARENT-CONF-FILE-DIR NIL :OS-PARAMS (:LINUX-UMASK 0))) :PID 25925 :LAYER :DAEMONIZATION :TRACE-FN DAEMONIZATION::MERGE-CONF-PARAMS :TYPE-PROC NIL)
(:DAEMONIZATION :TRACE      :RESULT (:PID-FILE "default-pid" :PID-FILE-DIR NIL :EXIT T :BEFORE-INIT-FN NIL :MAIN-FUNCTION NIL :NAME NIL :USER "lispuser" :GROUP NIL :BEFORE-PARENT-EXIT-FN NIL :PARENT-CONF-FILE NIL :PARENT-CONF-FILE-DIR NIL :OS-PARAMS (:LINUX-UMASK 0)) :CALLED-FORM (MERGE-CONF-PARAMS '(:PID-FILE "default-pid" :PID-FILE-DIR NIL :EXIT T :BEFORE-INIT-FN NIL :MAIN-FUNCTION NIL :NAME NIL :USER NIL :GROUP NIL :BEFORE-PARENT-EXIT-FN NIL :PARENT-CONF-FILE NIL :PARENT-CONF-FILE-DIR NIL :OS-PARAMS (:LINUX-UMASK 0)) '(:PID-FILE "default-pid" :PID-FILE-DIR NIL :EXIT T :BEFORE-INIT-FN NIL :MAIN-FUNCTION NIL :NAME NIL :USER "lispuser" :GROUP NIL :BEFORE-PARENT-EXIT-FN NIL :PARENT-CONF-FILE NIL :PARENT-CONF-FILE-DIR NIL :OS-PARAMS (:LINUX-UMASK 0))) :PID 25925 :LAYER :DAEMONIZATION :TRACE-FN DAEMONIZATION::MERGE-CONF-PARAMS :TYPE-PROC NIL)
(:DAEMONIZATION :TRACE      :CALL (SORT-CONF-PARAMS '(:PID-FILE "default-pid" :PID-FILE-DIR NIL :EXIT T :BEFORE-INIT-FN NIL :MAIN-FUNCTION NIL :NAME NIL :USER "lispuser" :GROUP NIL :BEFORE-PARENT-EXIT-FN NIL :PARENT-CONF-FILE NIL :PARENT-CONF-FILE-DIR NIL :OS-PARAMS (:LINUX-UMASK 0))) :PID 25925 :LAYER :DAEMONIZATION :TRACE-FN DAEMONIZATION::SORT-CONF-PARAMS :TYPE-PROC NIL)
(:DAEMONIZATION :TRACE      :RESULT (:BEFORE-INIT-FN NIL :BEFORE-PARENT-EXIT-FN NIL :EXIT T :GROUP NIL :MAIN-FUNCTION NIL :NAME NIL :OS-PARAMS (:LINUX-UMASK 0) :PARENT-CONF-FILE NIL :PARENT-CONF-FILE-DIR NIL :PID-FILE "default-pid" :PID-FILE-DIR NIL :USER "lispuser") :CALLED-FORM (SORT-CONF-PARAMS '(:PID-FILE "default-pid" :PID-FILE-DIR NIL :EXIT T :BEFORE-INIT-FN NIL :MAIN-FUNCTION NIL :NAME NIL :USER "lispuser" :GROUP NIL :BEFORE-PARENT-EXIT-FN NIL :PARENT-CONF-FILE NIL :PARENT-CONF-FILE-DIR NIL :OS-PARAMS (:LINUX-UMASK 0))) :PID 25925 :LAYER :DAEMONIZATION :TRACE-FN DAEMONIZATION::SORT-CONF-PARAMS :TYPE-PROC NIL)
(:DAEMONIZATION :TRACE    :RESULT (:BEFORE-INIT-FN NIL :BEFORE-PARENT-EXIT-FN NIL :EXIT T :GROUP NIL :MAIN-FUNCTION NIL :NAME NIL :OS-PARAMS (:LINUX-UMASK 0) :PARENT-CONF-FILE NIL :PARENT-CONF-FILE-DIR NIL :PID-FILE "default-pid" :PID-FILE-DIR NIL :USER "lispuser") :CALLED-FORM (CORRECT-AND-CHECK-CONF-PARAMS |#<PATHNAME (with no namestring)
            :HOST #<SB-IMPL::UNIX-HOST {91596B9}>
            :DEVICE NIL
            :DIRECTORY (:ABSOLUTE "media" "WORK_PARTITION" "work_dir"
                        "web-projects" "dynserv" "asdf-systems" "daemonization"
                        "scripts")
            :NAME "daemon.conf"
            :TYPE NIL
            :VERSION :NEWEST>| |#<CLOSURE (LAMBDA (DAEMONIZATION::CONF-PARAMS)) {AFD85D5}>|) :PID 25925 :LAYER :DAEMONIZATION :TRACE-FN DAEMONIZATION::CORRECT-AND-CHECK-CONF-PARAMS :TYPE-PROC NIL)
(:DAEMONIZATION :TRACE    :CALL (CHECK-AND-CORRECT-PID-FILE-PARAM '(:BEFORE-INIT-FN NIL :BEFORE-PARENT-EXIT-FN NIL :EXIT T :GROUP NIL :MAIN-FUNCTION NIL :NAME NIL :OS-PARAMS (:LINUX-UMASK 0) :PARENT-CONF-FILE NIL :PARENT-CONF-FILE-DIR NIL :PID-FILE "default-pid" :PID-FILE-DIR NIL :USER "lispuser") "stop") :PID 25925 :LAYER :DAEMONIZATION :TRACE-FN DAEMONIZATION::CHECK-AND-CORRECT-PID-FILE-PARAM :TYPE-PROC NIL)
(:DAEMONIZATION :TRACE    :RESULT #P"/media/WORK_PARTITION/work_dir/web-projects/dynserv/asdf-systems/daemonization/pid-files/default-pid" :CALLED-FORM (CHECK-AND-CORRECT-PID-FILE-PARAM '(:BEFORE-INIT-FN NIL :BEFORE-PARENT-EXIT-FN NIL :EXIT T :GROUP NIL :MAIN-FUNCTION NIL :NAME NIL :OS-PARAMS (:LINUX-UMASK 0) :PARENT-CONF-FILE NIL :PARENT-CONF-FILE-DIR NIL :PID-FILE "default-pid" :PID-FILE-DIR NIL :USER "lispuser") "stop") :PID 25925 :LAYER :DAEMONIZATION :TRACE-FN DAEMONIZATION::CHECK-AND-CORRECT-PID-FILE-PARAM :TYPE-PROC NIL)
(:DAEMONIZATION :TRACE    :CALL (STOP-SERVICE '(:BEFORE-INIT-FN NIL :BEFORE-PARENT-EXIT-FN NIL :EXIT T :GROUP NIL :MAIN-FUNCTION NIL :NAME NIL :OS-PARAMS (:LINUX-UMASK 0) :PARENT-CONF-FILE NIL :PARENT-CONF-FILE-DIR NIL :PID-FILE #P"/media/WORK_PARTITION/work_dir/web-projects/dynserv/asdf-systems/daemonization/pid-files/default-pid" :PID-FILE-DIR NIL :USER "lispuser")) :PID 25925 :LAYER :DAEMON-CORE-PORT :TRACE-FN DAEMON-CORE-PORT:STOP-SERVICE :TYPE-PROC :PARENT)
(:DAEMONIZATION :TRACE      :CALL (STOP-DAEMON #P"/media/WORK_PARTITION/work_dir/web-projects/dynserv/asdf-systems/daemonization/pid-files/default-pid") :PID 25925 :LAYER :DAEMON-CORE-LINUX-PORT :TRACE-FN DAEMON-CORE-LINUX-PORT:STOP-DAEMON :TYPE-PROC :PARENT)
(:DAEMONIZATION :TRACE        :CALL (READ-PID-FILE #P"/media/WORK_PARTITION/work_dir/web-projects/dynserv/asdf-systems/daemonization/pid-files/default-pid") :PID 25925 :LAYER :DAEMON-UTILS-LINUX-PORT :TRACE-FN DAEMON-UTILS-LINUX-PORT:READ-PID-FILE :TYPE-PROC :PARENT)
(:DAEMONIZATION :TRACE        :RESULT 25922 :CALLED-FORM (READ-PID-FILE #P"/media/WORK_PARTITION/work_dir/web-projects/dynserv/asdf-systems/daemonization/pid-files/default-pid") :PID 25925 :LAYER :DAEMON-UTILS-LINUX-PORT :TRACE-FN DAEMON-UTILS-LINUX-PORT:READ-PID-FILE :TYPE-PROC :PARENT)
(:DAEMONIZATION :TRACE        :CALL (KILL 25922 0) :PID 25925 :LAYER :DAEMON-UNIX-API-PORT :TRACE-FN DAEMON-UNIX-API-PORT:KILL :TYPE-PROC :PARENT)
(:DAEMONIZATION :TRACE        :RESULT 0 :CALLED-FORM (KILL 25922 0) :PID 25925 :LAYER :DAEMON-UNIX-API-PORT :TRACE-FN DAEMON-UNIX-API-PORT:KILL :TYPE-PROC :PARENT)
(:DAEMONIZATION :TRACE        :CALL (KILL 25922 10) :PID 25925 :LAYER :DAEMON-UNIX-API-PORT :TRACE-FN DAEMON-UNIX-API-PORT:KILL :TYPE-PROC :PARENT)
(:DAEMONIZATION :TRACE        :RESULT 0 :CALLED-FORM (KILL 25922 10) :PID 25925 :LAYER :DAEMON-UNIX-API-PORT :TRACE-FN DAEMON-UNIX-API-PORT:KILL :TYPE-PROC :PARENT)
(:DAEMONIZATION :TRACE        :CALL (KILL 25922 0) :PID 25925 :LAYER :DAEMON-UNIX-API-PORT :TRACE-FN DAEMON-UNIX-API-PORT:KILL :TYPE-PROC :PARENT)
(:DAEMONIZATION :TRACE        :RESULT 0 :CALLED-FORM (KILL 25922 0) :PID 25925 :LAYER :DAEMON-UNIX-API-PORT :TRACE-FN DAEMON-UNIX-API-PORT:KILL :TYPE-PROC :PARENT)
(:DAEMONIZATION :TRACE        :CALL (KILL 25922 0) :PID 25925 :LAYER :DAEMON-UNIX-API-PORT :TRACE-FN DAEMON-UNIX-API-PORT:KILL :TYPE-PROC :PARENT)
(:DAEMONIZATION :TRACE        :CALL (CUR-EXIT 0 #S(DAEMON-SHARE:EXTRA-STATUS
   :PID 25922
   :EXIT-CODE NIL
   :NAME NIL
   :PID-FILE #P"/media/WORK_PARTITION/work_dir/web-projects/dynserv/asdf-systems/daemonization/pid-files/default-pid"
   :USER NIL)) :PID 25925 :LAYER :DAEMON-CORE-LINUX-PORT :TRACE-FN DAEMON-CORE-LINUX-PORT::CUR-EXIT :TYPE-PROC :PARENT)
(:DAEMONIZATION :TRACE    :CALL (ANALIZED-AND-PRINT-RESULT '(0 #S(DAEMON-SHARE:EXTRA-STATUS
   :PID 25922
   :EXIT-CODE NIL
   :NAME NIL
   :PID-FILE #P"/media/WORK_PARTITION/work_dir/web-projects/dynserv/asdf-systems/daemonization/pid-files/default-pid"
   :USER NIL)) "stop" '(:BEFORE-INIT-FN NIL :BEFORE-PARENT-EXIT-FN NIL :EXIT T :GROUP NIL :MAIN-FUNCTION NIL :NAME NIL :OS-PARAMS (:LINUX-UMASK 0) :PARENT-CONF-FILE NIL :PARENT-CONF-FILE-DIR NIL :PID-FILE #P"/media/WORK_PARTITION/work_dir/web-projects/dynserv/asdf-systems/daemonization/pid-files/default-pid" :PID-FILE-DIR NIL :USER "lispuser") :PRINT-EXTRA-STATUS NIL) :PID 25925 :LAYER :DAEMONIZATION :TRACE-FN DAEMONIZATION::ANALIZED-AND-PRINT-RESULT :TYPE-PROC :PARENT)
(:DAEMONIZATION :TRACE    :RESULT (0 #S(DAEMON-SHARE:EXTRA-STATUS
   :PID 25922
   :EXIT-CODE NIL
   :NAME NIL
   :PID-FILE #P"/media/WORK_PARTITION/work_dir/web-projects/dynserv/asdf-systems/daemonization/pid-files/default-pid"
   :USER NIL)) :CALLED-FORM (ANALIZED-AND-PRINT-RESULT '(0 #S(DAEMON-SHARE:EXTRA-STATUS
   :PID 25922
   :EXIT-CODE NIL
   :NAME NIL
   :PID-FILE #P"/media/WORK_PARTITION/work_dir/web-projects/dynserv/asdf-systems/daemonization/pid-files/default-pid"
   :USER NIL)) "stop" '(:BEFORE-INIT-FN NIL :BEFORE-PARENT-EXIT-FN NIL :EXIT T :GROUP NIL :MAIN-FUNCTION NIL :NAME NIL :OS-PARAMS (:LINUX-UMASK 0) :PARENT-CONF-FILE NIL :PARENT-CONF-FILE-DIR NIL :PID-FILE #P"/media/WORK_PARTITION/work_dir/web-projects/dynserv/asdf-systems/daemonization/pid-files/default-pid" :PID-FILE-DIR NIL :USER "lispuser") :PRINT-EXTRA-STATUS NIL) :PID 25925 :LAYER :DAEMONIZATION :TRACE-FN DAEMONIZATION::ANALIZED-AND-PRINT-RESULT :TYPE-PROC :PARENT)
(:DAEMONIZATION :TRACE    :CALL (EXIT 0) :PID 25925 :LAYER :DAEMON-UNIX-API-PORT :TRACE-FN DAEMON-UNIX-API-PORT:EXIT :TYPE-PROC :PARENT)
(:DAEMONIZATION :TRACE  :CALL (DAEMONIZED |#<PATHNAME (with no namestring)
            :HOST #<SB-IMPL::UNIX-HOST {91596B9}>
            :DEVICE NIL
            :DIRECTORY (:ABSOLUTE "media" "WORK_PARTITION" "work_dir"
                        "web-projects" "dynserv" "asdf-systems" "daemonization"
                        "scripts")
            :NAME "daemon.conf"
            :TYPE NIL
            :VERSION :NEWEST>| "status" :ON-ERROR :EXIT-FROM-LISP :RECREATE-PID-FILE-ON-START NIL :PRINT-EXTRA-STATUS NIL) :PID 25928 :LAYER :DAEMONIZATION :TRACE-FN DAEMONIZATION:DAEMONIZED :TYPE-PROC NIL)
(:DAEMONIZATION :TRACE    :CALL (CHECK-DAEMON-COMMAND "status") :PID 25928 :LAYER :DAEMONIZATION :TRACE-FN DAEMONIZATION::CHECK-DAEMON-COMMAND :TYPE-PROC NIL)
(:DAEMONIZATION :TRACE    :RESULT "status" :CALLED-FORM (CHECK-DAEMON-COMMAND "status") :PID 25928 :LAYER :DAEMONIZATION :TRACE-FN DAEMONIZATION::CHECK-DAEMON-COMMAND :TYPE-PROC NIL)
(:DAEMONIZATION :TRACE    :CALL (CORRECT-AND-CHECK-CONF-PARAMS |#<PATHNAME (with no namestring)
            :HOST #<SB-IMPL::UNIX-HOST {91596B9}>
            :DEVICE NIL
            :DIRECTORY (:ABSOLUTE "media" "WORK_PARTITION" "work_dir"
                        "web-projects" "dynserv" "asdf-systems" "daemonization"
                        "scripts")
            :NAME "daemon.conf"
            :TYPE NIL
            :VERSION :NEWEST>| |#<CLOSURE (LAMBDA (DAEMONIZATION::CONF-PARAMS)) {AFD85D5}>|) :PID 25928 :LAYER :DAEMONIZATION :TRACE-FN DAEMONIZATION::CORRECT-AND-CHECK-CONF-PARAMS :TYPE-PROC NIL)
(:DAEMONIZATION :TRACE      :CALL (NORMALIZE-CONF-PARAMS |#<PATHNAME (with no namestring)
            :HOST #<SB-IMPL::UNIX-HOST {91596B9}>
            :DEVICE NIL
            :DIRECTORY (:ABSOLUTE "media" "WORK_PARTITION" "work_dir"
                        "web-projects" "dynserv" "asdf-systems" "daemonization"
                        "scripts")
            :NAME "daemon.conf"
            :TYPE NIL
            :VERSION :NEWEST>|) :PID 25928 :LAYER :DAEMONIZATION :TRACE-FN DAEMONIZATION::NORMALIZE-CONF-PARAMS :TYPE-PROC NIL)
(:DAEMONIZATION :TRACE      :RESULT (:PID-FILE "default-pid" :PID-FILE-DIR NIL :EXIT T :BEFORE-INIT-FN NIL :MAIN-FUNCTION NIL :NAME NIL :USER "lispuser" :GROUP NIL :BEFORE-PARENT-EXIT-FN NIL :PARENT-CONF-FILE NIL :PARENT-CONF-FILE-DIR NIL :OS-PARAMS (:LINUX-UMASK 0)) :CALLED-FORM (NORMALIZE-CONF-PARAMS |#<PATHNAME (with no namestring)
            :HOST #<SB-IMPL::UNIX-HOST {91596B9}>
            :DEVICE NIL
            :DIRECTORY (:ABSOLUTE "media" "WORK_PARTITION" "work_dir"
                        "web-projects" "dynserv" "asdf-systems" "daemonization"
                        "scripts")
            :NAME "daemon.conf"
            :TYPE NIL
            :VERSION :NEWEST>|) :PID 25928 :LAYER :DAEMONIZATION :TRACE-FN DAEMONIZATION::NORMALIZE-CONF-PARAMS :TYPE-PROC NIL)
(:DAEMONIZATION :TRACE      :CALL (CHECK-CONF-PARAMS '(:PID-FILE "default-pid" :PID-FILE-DIR NIL :EXIT T :BEFORE-INIT-FN NIL :MAIN-FUNCTION NIL :NAME NIL :USER "lispuser" :GROUP NIL :BEFORE-PARENT-EXIT-FN NIL :PARENT-CONF-FILE NIL :PARENT-CONF-FILE-DIR NIL :OS-PARAMS (:LINUX-UMASK 0)) "status") :PID 25928 :LAYER :DAEMONIZATION :TRACE-FN DAEMONIZATION::CHECK-CONF-PARAMS :TYPE-PROC NIL)
(:DAEMONIZATION :TRACE      :RESULT (:PID-FILE "default-pid" :PID-FILE-DIR NIL :EXIT T :BEFORE-INIT-FN NIL :MAIN-FUNCTION NIL :NAME NIL :USER "lispuser" :GROUP NIL :BEFORE-PARENT-EXIT-FN NIL :PARENT-CONF-FILE NIL :PARENT-CONF-FILE-DIR NIL :OS-PARAMS (:LINUX-UMASK 0)) :CALLED-FORM (CHECK-CONF-PARAMS '(:PID-FILE "default-pid" :PID-FILE-DIR NIL :EXIT T :BEFORE-INIT-FN NIL :MAIN-FUNCTION NIL :NAME NIL :USER "lispuser" :GROUP NIL :BEFORE-PARENT-EXIT-FN NIL :PARENT-CONF-FILE NIL :PARENT-CONF-FILE-DIR NIL :OS-PARAMS (:LINUX-UMASK 0)) "status") :PID 25928 :LAYER :DAEMONIZATION :TRACE-FN DAEMONIZATION::CHECK-CONF-PARAMS :TYPE-PROC NIL)
(:DAEMONIZATION :TRACE      :CALL (READ-CONF-PARAMS |#<PATHNAME (with no namestring)
            :HOST #<SB-IMPL::UNIX-HOST {91596B9}>
            :DEVICE NIL
            :DIRECTORY (:ABSOLUTE "media" "WORK_PARTITION" "work_dir"
                        "web-projects" "dynserv" "asdf-systems" "daemonization"
                        "conf-files")
            :NAME "default.conf"
            :TYPE NIL
            :VERSION NIL>|) :PID 25928 :LAYER :DAEMONIZATION :TRACE-FN DAEMONIZATION::READ-CONF-PARAMS :TYPE-PROC NIL)
(:DAEMONIZATION :TRACE      :RESULT (:PID-FILE "default-pid" :PID-FILE-DIR NIL :EXIT T :BEFORE-INIT-FN NIL :MAIN-FUNCTION NIL :NAME NIL :USER NIL :GROUP NIL :BEFORE-PARENT-EXIT-FN NIL :PARENT-CONF-FILE NIL :PARENT-CONF-FILE-DIR NIL :OS-PARAMS (:LINUX-UMASK 0)) :CALLED-FORM (READ-CONF-PARAMS |#<PATHNAME (with no namestring)
            :HOST #<SB-IMPL::UNIX-HOST {91596B9}>
            :DEVICE NIL
            :DIRECTORY (:ABSOLUTE "media" "WORK_PARTITION" "work_dir"
                        "web-projects" "dynserv" "asdf-systems" "daemonization"
                        "conf-files")
            :NAME "default.conf"
            :TYPE NIL
            :VERSION NIL>|) :PID 25928 :LAYER :DAEMONIZATION :TRACE-FN DAEMONIZATION::READ-CONF-PARAMS :TYPE-PROC NIL)
(:DAEMONIZATION :TRACE      :CALL (CHECK-CONF-PARAMS '(:PID-FILE "default-pid" :PID-FILE-DIR NIL :EXIT T :BEFORE-INIT-FN NIL :MAIN-FUNCTION NIL :NAME NIL :USER NIL :GROUP NIL :BEFORE-PARENT-EXIT-FN NIL :PARENT-CONF-FILE NIL :PARENT-CONF-FILE-DIR NIL :OS-PARAMS (:LINUX-UMASK 0)) "status") :PID 25928 :LAYER :DAEMONIZATION :TRACE-FN DAEMONIZATION::CHECK-CONF-PARAMS :TYPE-PROC NIL)
(:DAEMONIZATION :TRACE      :RESULT (:PID-FILE "default-pid" :PID-FILE-DIR NIL :EXIT T :BEFORE-INIT-FN NIL :MAIN-FUNCTION NIL :NAME NIL :USER NIL :GROUP NIL :BEFORE-PARENT-EXIT-FN NIL :PARENT-CONF-FILE NIL :PARENT-CONF-FILE-DIR NIL :OS-PARAMS (:LINUX-UMASK 0)) :CALLED-FORM (CHECK-CONF-PARAMS '(:PID-FILE "default-pid" :PID-FILE-DIR NIL :EXIT T :BEFORE-INIT-FN NIL :MAIN-FUNCTION NIL :NAME NIL :USER NIL :GROUP NIL :BEFORE-PARENT-EXIT-FN NIL :PARENT-CONF-FILE NIL :PARENT-CONF-FILE-DIR NIL :OS-PARAMS (:LINUX-UMASK 0)) "status") :PID 25928 :LAYER :DAEMONIZATION :TRACE-FN DAEMONIZATION::CHECK-CONF-PARAMS :TYPE-PROC NIL)
(:DAEMONIZATION :TRACE      :CALL (MERGE-CONF-PARAMS '(:PID-FILE "default-pid" :PID-FILE-DIR NIL :EXIT T :BEFORE-INIT-FN NIL :MAIN-FUNCTION NIL :NAME NIL :USER NIL :GROUP NIL :BEFORE-PARENT-EXIT-FN NIL :PARENT-CONF-FILE NIL :PARENT-CONF-FILE-DIR NIL :OS-PARAMS (:LINUX-UMASK 0)) '(:PID-FILE "default-pid" :PID-FILE-DIR NIL :EXIT T :BEFORE-INIT-FN NIL :MAIN-FUNCTION NIL :NAME NIL :USER "lispuser" :GROUP NIL :BEFORE-PARENT-EXIT-FN NIL :PARENT-CONF-FILE NIL :PARENT-CONF-FILE-DIR NIL :OS-PARAMS (:LINUX-UMASK 0))) :PID 25928 :LAYER :DAEMONIZATION :TRACE-FN DAEMONIZATION::MERGE-CONF-PARAMS :TYPE-PROC NIL)
(:DAEMONIZATION :TRACE      :RESULT (:PID-FILE "default-pid" :PID-FILE-DIR NIL :EXIT T :BEFORE-INIT-FN NIL :MAIN-FUNCTION NIL :NAME NIL :USER "lispuser" :GROUP NIL :BEFORE-PARENT-EXIT-FN NIL :PARENT-CONF-FILE NIL :PARENT-CONF-FILE-DIR NIL :OS-PARAMS (:LINUX-UMASK 0)) :CALLED-FORM (MERGE-CONF-PARAMS '(:PID-FILE "default-pid" :PID-FILE-DIR NIL :EXIT T :BEFORE-INIT-FN NIL :MAIN-FUNCTION NIL :NAME NIL :USER NIL :GROUP NIL :BEFORE-PARENT-EXIT-FN NIL :PARENT-CONF-FILE NIL :PARENT-CONF-FILE-DIR NIL :OS-PARAMS (:LINUX-UMASK 0)) '(:PID-FILE "default-pid" :PID-FILE-DIR NIL :EXIT T :BEFORE-INIT-FN NIL :MAIN-FUNCTION NIL :NAME NIL :USER "lispuser" :GROUP NIL :BEFORE-PARENT-EXIT-FN NIL :PARENT-CONF-FILE NIL :PARENT-CONF-FILE-DIR NIL :OS-PARAMS (:LINUX-UMASK 0))) :PID 25928 :LAYER :DAEMONIZATION :TRACE-FN DAEMONIZATION::MERGE-CONF-PARAMS :TYPE-PROC NIL)
(:DAEMONIZATION :TRACE      :CALL (SORT-CONF-PARAMS '(:PID-FILE "default-pid" :PID-FILE-DIR NIL :EXIT T :BEFORE-INIT-FN NIL :MAIN-FUNCTION NIL :NAME NIL :USER "lispuser" :GROUP NIL :BEFORE-PARENT-EXIT-FN NIL :PARENT-CONF-FILE NIL :PARENT-CONF-FILE-DIR NIL :OS-PARAMS (:LINUX-UMASK 0))) :PID 25928 :LAYER :DAEMONIZATION :TRACE-FN DAEMONIZATION::SORT-CONF-PARAMS :TYPE-PROC NIL)
(:DAEMONIZATION :TRACE      :RESULT (:BEFORE-INIT-FN NIL :BEFORE-PARENT-EXIT-FN NIL :EXIT T :GROUP NIL :MAIN-FUNCTION NIL :NAME NIL :OS-PARAMS (:LINUX-UMASK 0) :PARENT-CONF-FILE NIL :PARENT-CONF-FILE-DIR NIL :PID-FILE "default-pid" :PID-FILE-DIR NIL :USER "lispuser") :CALLED-FORM (SORT-CONF-PARAMS '(:PID-FILE "default-pid" :PID-FILE-DIR NIL :EXIT T :BEFORE-INIT-FN NIL :MAIN-FUNCTION NIL :NAME NIL :USER "lispuser" :GROUP NIL :BEFORE-PARENT-EXIT-FN NIL :PARENT-CONF-FILE NIL :PARENT-CONF-FILE-DIR NIL :OS-PARAMS (:LINUX-UMASK 0))) :PID 25928 :LAYER :DAEMONIZATION :TRACE-FN DAEMONIZATION::SORT-CONF-PARAMS :TYPE-PROC NIL)
(:DAEMONIZATION :TRACE    :RESULT (:BEFORE-INIT-FN NIL :BEFORE-PARENT-EXIT-FN NIL :EXIT T :GROUP NIL :MAIN-FUNCTION NIL :NAME NIL :OS-PARAMS (:LINUX-UMASK 0) :PARENT-CONF-FILE NIL :PARENT-CONF-FILE-DIR NIL :PID-FILE "default-pid" :PID-FILE-DIR NIL :USER "lispuser") :CALLED-FORM (CORRECT-AND-CHECK-CONF-PARAMS |#<PATHNAME (with no namestring)
            :HOST #<SB-IMPL::UNIX-HOST {91596B9}>
            :DEVICE NIL
            :DIRECTORY (:ABSOLUTE "media" "WORK_PARTITION" "work_dir"
                        "web-projects" "dynserv" "asdf-systems" "daemonization"
                        "scripts")
            :NAME "daemon.conf"
            :TYPE NIL
            :VERSION :NEWEST>| |#<CLOSURE (LAMBDA (DAEMONIZATION::CONF-PARAMS)) {AFD85D5}>|) :PID 25928 :LAYER :DAEMONIZATION :TRACE-FN DAEMONIZATION::CORRECT-AND-CHECK-CONF-PARAMS :TYPE-PROC NIL)
(:DAEMONIZATION :TRACE    :CALL (CHECK-AND-CORRECT-PID-FILE-PARAM '(:BEFORE-INIT-FN NIL :BEFORE-PARENT-EXIT-FN NIL :EXIT T :GROUP NIL :MAIN-FUNCTION NIL :NAME NIL :OS-PARAMS (:LINUX-UMASK 0) :PARENT-CONF-FILE NIL :PARENT-CONF-FILE-DIR NIL :PID-FILE "default-pid" :PID-FILE-DIR NIL :USER "lispuser") "status") :PID 25928 :LAYER :DAEMONIZATION :TRACE-FN DAEMONIZATION::CHECK-AND-CORRECT-PID-FILE-PARAM :TYPE-PROC NIL)
(:DAEMONIZATION :TRACE    :RESULT #P"/media/WORK_PARTITION/work_dir/web-projects/dynserv/asdf-systems/daemonization/pid-files/default-pid" :CALLED-FORM (CHECK-AND-CORRECT-PID-FILE-PARAM '(:BEFORE-INIT-FN NIL :BEFORE-PARENT-EXIT-FN NIL :EXIT T :GROUP NIL :MAIN-FUNCTION NIL :NAME NIL :OS-PARAMS (:LINUX-UMASK 0) :PARENT-CONF-FILE NIL :PARENT-CONF-FILE-DIR NIL :PID-FILE "default-pid" :PID-FILE-DIR NIL :USER "lispuser") "status") :PID 25928 :LAYER :DAEMONIZATION :TRACE-FN DAEMONIZATION::CHECK-AND-CORRECT-PID-FILE-PARAM :TYPE-PROC NIL)
(:DAEMONIZATION :TRACE    :CALL (STATUS-SERVICE '(:BEFORE-INIT-FN NIL :BEFORE-PARENT-EXIT-FN NIL :EXIT T :GROUP NIL :MAIN-FUNCTION NIL :NAME NIL :OS-PARAMS (:LINUX-UMASK 0) :PARENT-CONF-FILE NIL :PARENT-CONF-FILE-DIR NIL :PID-FILE #P"/media/WORK_PARTITION/work_dir/web-projects/dynserv/asdf-systems/daemonization/pid-files/default-pid" :PID-FILE-DIR NIL :USER "lispuser")) :PID 25928 :LAYER :DAEMON-CORE-PORT :TRACE-FN DAEMON-CORE-PORT:STATUS-SERVICE :TYPE-PROC :PARENT)
(:DAEMONIZATION :TRACE      :CALL (STATUS-DAEMON #P"/media/WORK_PARTITION/work_dir/web-projects/dynserv/asdf-systems/daemonization/pid-files/default-pid") :PID 25928 :LAYER :DAEMON-CORE-LINUX-PORT :TRACE-FN DAEMON-CORE-LINUX-PORT:STATUS-DAEMON :TYPE-PROC :PARENT)
(:DAEMONIZATION :TRACE        :CALL (CUR-EXIT 256 #S(DAEMON-SHARE:EXTRA-STATUS
   :PID NIL
   :EXIT-CODE NIL
   :NAME NIL
   :PID-FILE #P"/media/WORK_PARTITION/work_dir/web-projects/dynserv/asdf-systems/daemonization/pid-files/default-pid"
   :USER NIL)) :PID 25928 :LAYER :DAEMON-CORE-LINUX-PORT :TRACE-FN DAEMON-CORE-LINUX-PORT::CUR-EXIT :TYPE-PROC :PARENT)
(:DAEMONIZATION :TRACE    :CALL (ANALIZED-AND-PRINT-RESULT '(256 #S(DAEMON-SHARE:EXTRA-STATUS
   :PID NIL
   :EXIT-CODE NIL
   :NAME NIL
   :PID-FILE #P"/media/WORK_PARTITION/work_dir/web-projects/dynserv/asdf-systems/daemonization/pid-files/default-pid"
   :USER NIL)) "status" '(:BEFORE-INIT-FN NIL :BEFORE-PARENT-EXIT-FN NIL :EXIT T :GROUP NIL :MAIN-FUNCTION NIL :NAME NIL :OS-PARAMS (:LINUX-UMASK 0) :PARENT-CONF-FILE NIL :PARENT-CONF-FILE-DIR NIL :PID-FILE #P"/media/WORK_PARTITION/work_dir/web-projects/dynserv/asdf-systems/daemonization/pid-files/default-pid" :PID-FILE-DIR NIL :USER "lispuser") :PRINT-EXTRA-STATUS NIL) :PID 25928 :LAYER :DAEMONIZATION :TRACE-FN DAEMONIZATION::ANALIZED-AND-PRINT-RESULT :TYPE-PROC :PARENT)
(:DAEMONIZATION :TRACE    :RESULT (256 #S(DAEMON-SHARE:EXTRA-STATUS
   :PID NIL
   :EXIT-CODE NIL
   :NAME NIL
   :PID-FILE #P"/media/WORK_PARTITION/work_dir/web-projects/dynserv/asdf-systems/daemonization/pid-files/default-pid"
   :USER NIL)) :CALLED-FORM (ANALIZED-AND-PRINT-RESULT '(256 #S(DAEMON-SHARE:EXTRA-STATUS
   :PID NIL
   :EXIT-CODE NIL
   :NAME NIL
   :PID-FILE #P"/media/WORK_PARTITION/work_dir/web-projects/dynserv/asdf-systems/daemonization/pid-files/default-pid"
   :USER NIL)) "status" '(:BEFORE-INIT-FN NIL :BEFORE-PARENT-EXIT-FN NIL :EXIT T :GROUP NIL :MAIN-FUNCTION NIL :NAME NIL :OS-PARAMS (:LINUX-UMASK 0) :PARENT-CONF-FILE NIL :PARENT-CONF-FILE-DIR NIL :PID-FILE #P"/media/WORK_PARTITION/work_dir/web-projects/dynserv/asdf-systems/daemonization/pid-files/default-pid" :PID-FILE-DIR NIL :USER "lispuser") :PRINT-EXTRA-STATUS NIL) :PID 25928 :LAYER :DAEMONIZATION :TRACE-FN DAEMONIZATION::ANALIZED-AND-PRINT-RESULT :TYPE-PROC :PARENT)
(:DAEMONIZATION :TRACE    :CALL (EXIT 256) :PID 25928 :LAYER :DAEMON-UNIX-API-PORT :TRACE-FN DAEMON-UNIX-API-PORT:EXIT :TYPE-PROC :PARENT)