
(:DAEMONIZATION             "Check daemon command ..." :PID 25690 :LAYER :DAEMONIZATION :TRACE-FN DAEMONIZATION::CHECK-DAEMON-COMMAND :TYPE-PROC NIL)
(:DAEMONIZATION             " ... OK." :PID 25690 :LAYER :DAEMONIZATION :TRACE-FN DAEMONIZATION::CHECK-DAEMON-COMMAND :TYPE-PROC NIL)
(:DAEMONIZATION               "Check conf-params ..." :PID 25690 :LAYER :DAEMONIZATION :TRACE-FN DAEMONIZATION::CHECK-CONF-PARAMS :TYPE-PROC NIL)
(:DAEMONIZATION               " ... OK." :PID 25690 :LAYER :DAEMONIZATION :TRACE-FN DAEMONIZATION::CHECK-CONF-PARAMS :TYPE-PROC NIL)
(:DAEMONIZATION               "Check conf-params ..." :PID 25690 :LAYER :DAEMONIZATION :TRACE-FN DAEMONIZATION::CHECK-CONF-PARAMS :TYPE-PROC NIL)
(:DAEMONIZATION               " ... OK." :PID 25690 :LAYER :DAEMONIZATION :TRACE-FN DAEMONIZATION::CHECK-CONF-PARAMS :TYPE-PROC NIL)
(:DAEMONIZATION           "conf-params is: (:BEFORE-INIT-FN NIL :BEFORE-PARENT-EXIT-FN NIL :EXIT T :GROUP NIL :MAIN-FUNCTION NIL :NAME NIL :OS-PARAMS (:LINUX-UMASK 0) :PARENT-CONF-FILE NIL :PARENT-CONF-FILE-DIR NIL :PID-FILE #P"/media/WORK_PARTITION/work_dir/web-projects/dynserv/asdf-systems/daemonization/pid-files/default-pid" :PID-FILE-DIR NIL :USER "lispuser")" :PID 25690 :LAYER :DAEMONIZATION :TRACE-FN DAEMONIZATION:DAEMONIZED :TYPE-PROC NIL)
(:DAEMONIZATION             "here analizing result ..." :PID 25690 :LAYER :DAEMONIZATION :TRACE-FN DAEMONIZATION::ANALIZED-AND-PRINT-RESULT :TYPE-PROC :PARENT)
(:DAEMONIZATION             "not-running - no pid file" :PID 25690 :LAYER :DAEMONIZATION :TRACE-FN DAEMONIZATION::ANALIZED-AND-PRINT-RESULT :TYPE-PROC :PARENT)
(:DAEMONIZATION             " ... ok" :PID 25690 :LAYER :DAEMONIZATION :TRACE-FN DAEMONIZATION::ANALIZED-AND-PRINT-RESULT :TYPE-PROC :PARENT)
(:DAEMONIZATION             "Check daemon command ..." :PID 25919 :LAYER :DAEMONIZATION :TRACE-FN DAEMONIZATION::CHECK-DAEMON-COMMAND :TYPE-PROC NIL)
(:DAEMONIZATION             " ... OK." :PID 25919 :LAYER :DAEMONIZATION :TRACE-FN DAEMONIZATION::CHECK-DAEMON-COMMAND :TYPE-PROC NIL)
(:DAEMONIZATION               "Check conf-params ..." :PID 25919 :LAYER :DAEMONIZATION :TRACE-FN DAEMONIZATION::CHECK-CONF-PARAMS :TYPE-PROC NIL)
(:DAEMONIZATION               " ... OK." :PID 25919 :LAYER :DAEMONIZATION :TRACE-FN DAEMONIZATION::CHECK-CONF-PARAMS :TYPE-PROC NIL)
(:DAEMONIZATION               "Check conf-params ..." :PID 25919 :LAYER :DAEMONIZATION :TRACE-FN DAEMONIZATION::CHECK-CONF-PARAMS :TYPE-PROC NIL)
(:DAEMONIZATION               " ... OK." :PID 25919 :LAYER :DAEMONIZATION :TRACE-FN DAEMONIZATION::CHECK-CONF-PARAMS :TYPE-PROC NIL)
(:DAEMONIZATION           "conf-params is: (:BEFORE-INIT-FN NIL :BEFORE-PARENT-EXIT-FN NIL :EXIT T :GROUP NIL :MAIN-FUNCTION NIL :NAME NIL :OS-PARAMS (:LINUX-UMASK 0) :PARENT-CONF-FILE NIL :PARENT-CONF-FILE-DIR NIL :PID-FILE #P"/media/WORK_PARTITION/work_dir/web-projects/dynserv/asdf-systems/daemonization/pid-files/default-pid" :PID-FILE-DIR NIL :USER "lispuser")" :PID 25919 :LAYER :DAEMONIZATION :TRACE-FN DAEMONIZATION:DAEMONIZED :TYPE-PROC NIL)
(:DAEMONIZATION                 "preparing before fork this process ..." :PID 25919 :LAYER :DAEMON-UTILS-LINUX-PORT :TRACE-FN DAEMON-UTILS-LINUX-PORT:FORK-THIS-PROCESS :TYPE-PROC :PARENT)
(:DAEMONIZATION             "Check daemon command ..." :PID 25925 :LAYER :DAEMONIZATION :TRACE-FN DAEMONIZATION::CHECK-DAEMON-COMMAND :TYPE-PROC NIL)
(:DAEMONIZATION             " ... OK." :PID 25925 :LAYER :DAEMONIZATION :TRACE-FN DAEMONIZATION::CHECK-DAEMON-COMMAND :TYPE-PROC NIL)
(:DAEMONIZATION               "Check conf-params ..." :PID 25925 :LAYER :DAEMONIZATION :TRACE-FN DAEMONIZATION::CHECK-CONF-PARAMS :TYPE-PROC NIL)
(:DAEMONIZATION               " ... OK." :PID 25925 :LAYER :DAEMONIZATION :TRACE-FN DAEMONIZATION::CHECK-CONF-PARAMS :TYPE-PROC NIL)
(:DAEMONIZATION               "Check conf-params ..." :PID 25925 :LAYER :DAEMONIZATION :TRACE-FN DAEMONIZATION::CHECK-CONF-PARAMS :TYPE-PROC NIL)
(:DAEMONIZATION               " ... OK." :PID 25925 :LAYER :DAEMONIZATION :TRACE-FN DAEMONIZATION::CHECK-CONF-PARAMS :TYPE-PROC NIL)
(:DAEMONIZATION           "conf-params is: (:BEFORE-INIT-FN NIL :BEFORE-PARENT-EXIT-FN NIL :EXIT T :GROUP NIL :MAIN-FUNCTION NIL :NAME NIL :OS-PARAMS (:LINUX-UMASK 0) :PARENT-CONF-FILE NIL :PARENT-CONF-FILE-DIR NIL :PID-FILE #P"/media/WORK_PARTITION/work_dir/web-projects/dynserv/asdf-systems/daemonization/pid-files/default-pid" :PID-FILE-DIR NIL :USER "lispuser")" :PID 25925 :LAYER :DAEMONIZATION :TRACE-FN DAEMONIZATION:DAEMONIZED :TYPE-PROC NIL)
(:DAEMONIZATION             "here analizing result ..." :PID 25925 :LAYER :DAEMONIZATION :TRACE-FN DAEMONIZATION::ANALIZED-AND-PRINT-RESULT :TYPE-PROC :PARENT)
(:DAEMONIZATION             "success stop" :PID 25925 :LAYER :DAEMONIZATION :TRACE-FN DAEMONIZATION::ANALIZED-AND-PRINT-RESULT :TYPE-PROC :PARENT)
(:DAEMONIZATION             " ... ok" :PID 25925 :LAYER :DAEMONIZATION :TRACE-FN DAEMONIZATION::ANALIZED-AND-PRINT-RESULT :TYPE-PROC :PARENT)
(:DAEMONIZATION             "Check daemon command ..." :PID 25928 :LAYER :DAEMONIZATION :TRACE-FN DAEMONIZATION::CHECK-DAEMON-COMMAND :TYPE-PROC NIL)
(:DAEMONIZATION             " ... OK." :PID 25928 :LAYER :DAEMONIZATION :TRACE-FN DAEMONIZATION::CHECK-DAEMON-COMMAND :TYPE-PROC NIL)
(:DAEMONIZATION               "Check conf-params ..." :PID 25928 :LAYER :DAEMONIZATION :TRACE-FN DAEMONIZATION::CHECK-CONF-PARAMS :TYPE-PROC NIL)
(:DAEMONIZATION               " ... OK." :PID 25928 :LAYER :DAEMONIZATION :TRACE-FN DAEMONIZATION::CHECK-CONF-PARAMS :TYPE-PROC NIL)
(:DAEMONIZATION               "Check conf-params ..." :PID 25928 :LAYER :DAEMONIZATION :TRACE-FN DAEMONIZATION::CHECK-CONF-PARAMS :TYPE-PROC NIL)
(:DAEMONIZATION               " ... OK." :PID 25928 :LAYER :DAEMONIZATION :TRACE-FN DAEMONIZATION::CHECK-CONF-PARAMS :TYPE-PROC NIL)
(:DAEMONIZATION           "conf-params is: (:BEFORE-INIT-FN NIL :BEFORE-PARENT-EXIT-FN NIL :EXIT T :GROUP NIL :MAIN-FUNCTION NIL :NAME NIL :OS-PARAMS (:LINUX-UMASK 0) :PARENT-CONF-FILE NIL :PARENT-CONF-FILE-DIR NIL :PID-FILE #P"/media/WORK_PARTITION/work_dir/web-projects/dynserv/asdf-systems/daemonization/pid-files/default-pid" :PID-FILE-DIR NIL :USER "lispuser")" :PID 25928 :LAYER :DAEMONIZATION :TRACE-FN DAEMONIZATION:DAEMONIZED :TYPE-PROC NIL)
(:DAEMONIZATION             "here analizing result ..." :PID 25928 :LAYER :DAEMONIZATION :TRACE-FN DAEMONIZATION::ANALIZED-AND-PRINT-RESULT :TYPE-PROC :PARENT)
(:DAEMONIZATION             "not-running - no pid file" :PID 25928 :LAYER :DAEMONIZATION :TRACE-FN DAEMONIZATION::ANALIZED-AND-PRINT-RESULT :TYPE-PROC :PARENT)
(:DAEMONIZATION             " ... ok" :PID 25928 :LAYER :DAEMONIZATION :TRACE-FN DAEMONIZATION::ANALIZED-AND-PRINT-RESULT :TYPE-PROC :PARENT)